<?xml version="1.0" encoding="UTF-8"?>
<TestRun id="bef00d9c-6da3-454a-8162-2f2b74c1d919" name="Mathias@JUNKTOWN 2011-08-07 20:39:05" runUser="Junktown\Mathias" xmlns="http://microsoft.com/schemas/VisualStudio/TeamTest/2010">
  <TestSettings name="Local" id="a9b277e3-4af9-4f2f-84dc-a3e62857f02a">
    <Description>These are default test settings for a local test run.</Description>
    <Deployment enabled="false" runDeploymentRoot="Mathias_JUNKTOWN 2011-08-07 20_39_05">
      <DeploymentItem filename="D:\Projekte\XNA\ColladaXna\ColladaXnaBase\bin\x86\Debug\ColladaXnaBase.dll" />
    </Deployment>
    <Execution>
      <TestTypeSpecific />
      <AgentRule name="Execution Agents">
      </AgentRule>
    </Execution>
  </TestSettings>
  <Times creation="2011-08-07T20:39:05.8293149+02:00" queuing="2011-08-07T20:39:05.8543164+02:00" start="2011-08-07T20:39:05.8603167+02:00" finish="2011-08-07T20:39:06.1063308+02:00" />
  <ResultSummary outcome="Failed">
    <Counters total="1" executed="1" error="0" failed="1" timeout="0" aborted="0" inconclusive="0" passedButRunAborted="0" notRunnable="0" notExecuted="0" disconnected="0" warning="0" passed="0" completed="0" inProgress="0" pending="0" />
  </ResultSummary>
  <TestDefinitions>
    <UnitTest name="SkeletonImportTest" storage="d:\projekte\xna\colladaxna\base tests\bin\debug\base tests.dll" id="30ce16d4-84d9-bb19-5ceb-c09e7dec329a">
      <Execution id="3ca09aef-1bd5-405e-8146-101aaaaa60cb" />
      <TestMethod codeBase="D:/Projekte/XNA/ColladaXna/Base Tests/bin/Debug/Base Tests.DLL" adapterTypeName="Microsoft.VisualStudio.TestTools.TestTypes.Unit.UnitTestAdapter, Microsoft.VisualStudio.QualityTools.Tips.UnitTest.Adapter, Version=10.0.0.0, Culture=neutral, PublicKeyToken=b03f5f7f11d50a3a" className="Base_Tests.SkeletonImporterTest, Base Tests, Version=1.0.0.0, Culture=neutral, PublicKeyToken=null" name="SkeletonImportTest" />
    </UnitTest>
  </TestDefinitions>
  <TestLists>
    <TestList name="Results Not in a List" id="8c84fa94-04c1-424b-9868-57a2d4851a1d" />
    <TestList name="All Loaded Results" id="19431567-8539-422a-85d7-44ee4e166bda" />
  </TestLists>
  <TestEntries>
    <TestEntry testId="30ce16d4-84d9-bb19-5ceb-c09e7dec329a" executionId="3ca09aef-1bd5-405e-8146-101aaaaa60cb" testListId="8c84fa94-04c1-424b-9868-57a2d4851a1d" />
  </TestEntries>
  <Results>
    <UnitTestResult executionId="3ca09aef-1bd5-405e-8146-101aaaaa60cb" testId="30ce16d4-84d9-bb19-5ceb-c09e7dec329a" testName="SkeletonImportTest" computerName="JUNKTOWN" duration="00:00:00.0287750" startTime="2011-08-07T20:39:05.8623168+02:00" endTime="2011-08-07T20:39:06.0933300+02:00" testType="13cdc9d9-ddb5-4fa4-a97d-d965ccfc6d4b" outcome="Failed" testListId="8c84fa94-04c1-424b-9868-57a2d4851a1d" relativeResultsDirectory="3ca09aef-1bd5-405e-8146-101aaaaa60cb">
      <Output>
        <ErrorInfo>
          <Message>Test method Base_Tests.SkeletonImporterTest.SkeletonImportTest threw exception: 
System.ArgumentOutOfRangeException: Index was out of range. Must be non-negative and less than the size of the collection.
Parameter name: index</Message>
          <StackTrace>    at System.ThrowHelper.ThrowArgumentOutOfRangeException()
   at System.Collections.Generic.List`1.get_Item(Int32 index)
   at Base_Tests.SkeletonImporterTest.SkeletonImportTest() in D:\Projekte\XNA\ColladaXna\Base Tests\SkeletonImporterTest.cs:line 40
</StackTrace>
        </ErrorInfo>
      </Output>
    </UnitTestResult>
  </Results>
</TestRun>