<?xml version="1.0" encoding="UTF-8"?>
<TestRun id="6cf8ddbf-2531-4256-a023-149376ef5eb2" name="Mathias@JUNKTOWN 2011-08-07 00:36:20" runUser="Junktown\Mathias" xmlns="http://microsoft.com/schemas/VisualStudio/TeamTest/2010">
  <TestSettings name="Local" id="a9b277e3-4af9-4f2f-84dc-a3e62857f02a">
    <Description>These are default test settings for a local test run.</Description>
    <Deployment enabled="false" runDeploymentRoot="Mathias_JUNKTOWN 2011-08-07 00_36_20">
      <DeploymentItem filename="D:\Projekte\XNA\ColladaXna\ColladaXnaBase\bin\x86\Debug\ColladaXnaBase.dll" />
    </Deployment>
    <Execution>
      <TestTypeSpecific />
      <AgentRule name="Execution Agents">
      </AgentRule>
    </Execution>
  </TestSettings>
  <Times creation="2011-08-07T00:36:20.1688439+02:00" queuing="2011-08-07T00:36:20.2988513+02:00" start="2011-08-07T00:36:20.3328532+02:00" finish="2011-08-07T00:36:20.8338819+02:00" />
  <ResultSummary outcome="Failed">
    <Counters total="1" executed="1" error="0" failed="1" timeout="0" aborted="0" inconclusive="0" passedButRunAborted="0" notRunnable="0" notExecuted="0" disconnected="0" warning="0" passed="0" completed="0" inProgress="0" pending="0" />
  </ResultSummary>
  <TestDefinitions>
    <UnitTest name="ColladaModelConstructorTest" storage="d:\projekte\xna\colladaxna\base tests\bin\debug\base tests.dll" id="336689d9-1dd2-26e6-4a58-d26fa66d35a5">
      <Execution id="d5764dc1-5117-4cc6-804f-e6436f10e320" />
      <TestMethod codeBase="D:/Projekte/XNA/ColladaXna/Base Tests/bin/Debug/Base Tests.DLL" adapterTypeName="Microsoft.VisualStudio.TestTools.TestTypes.Unit.UnitTestAdapter, Microsoft.VisualStudio.QualityTools.Tips.UnitTest.Adapter, Version=10.0.0.0, Culture=neutral, PublicKeyToken=b03f5f7f11d50a3a" className="Base_Tests.ColladaModelTest, Base Tests, Version=1.0.0.0, Culture=neutral, PublicKeyToken=null" name="ColladaModelConstructorTest" />
    </UnitTest>
  </TestDefinitions>
  <TestLists>
    <TestList name="Results Not in a List" id="8c84fa94-04c1-424b-9868-57a2d4851a1d" />
    <TestList name="All Loaded Results" id="19431567-8539-422a-85d7-44ee4e166bda" />
  </TestLists>
  <TestEntries>
    <TestEntry testId="336689d9-1dd2-26e6-4a58-d26fa66d35a5" executionId="d5764dc1-5117-4cc6-804f-e6436f10e320" testListId="8c84fa94-04c1-424b-9868-57a2d4851a1d" />
  </TestEntries>
  <Results>
    <UnitTestResult executionId="d5764dc1-5117-4cc6-804f-e6436f10e320" testId="336689d9-1dd2-26e6-4a58-d26fa66d35a5" testName="ColladaModelConstructorTest" computerName="JUNKTOWN" duration="00:00:00.1888569" startTime="2011-08-07T00:36:20.3418538+02:00" endTime="2011-08-07T00:36:20.8118806+02:00" testType="13cdc9d9-ddb5-4fa4-a97d-d965ccfc6d4b" outcome="Failed" testListId="8c84fa94-04c1-424b-9868-57a2d4851a1d" relativeResultsDirectory="d5764dc1-5117-4cc6-804f-e6436f10e320">
      <Output>
        <ErrorInfo>
          <Message>Test method Base_Tests.ColladaModelTest.ColladaModelConstructorTest threw exception: 
System.Exception: Source 'geom-apc-vertices' not found</Message>
          <StackTrace>    at ColladaXna.Base.Import.GeometryImporter.ImportGeometry(XmlNode xmlGeometryNode, ColladaModel model) in D:\Projekte\XNA\ColladaXna\ColladaXnaBase\Import\GeometryImporter.cs:line 167
   at ColladaXna.Base.Import.GeometryImporter.&lt;&gt;c__DisplayClass5.&lt;Import&gt;b__1(XmlNode xmlGeom) in D:\Projekte\XNA\ColladaXna\ColladaXnaBase\Import\GeometryImporter.cs:line 36
   at System.Linq.Enumerable.WhereSelectEnumerableIterator`2.MoveNext()
   at System.Collections.Generic.List`1..ctor(IEnumerable`1 collection)
   at System.Linq.Enumerable.ToList[TSource](IEnumerable`1 source)
   at ColladaXna.Base.Import.GeometryImporter.Import(XmlNode xmlRoot, ColladaModel model) in D:\Projekte\XNA\ColladaXna\ColladaXnaBase\Import\GeometryImporter.cs:line 34
   at ColladaXna.Base.ColladaModel.Load() in D:\Projekte\XNA\ColladaXna\ColladaXnaBase\ColladaModel.cs:line 107
   at ColladaXna.Base.ColladaModel..ctor(String filename) in D:\Projekte\XNA\ColladaXna\ColladaXnaBase\ColladaModel.cs:line 78
   at Base_Tests.ColladaModelTest.ColladaModelConstructorTest() in D:\Projekte\XNA\ColladaXna\Base Tests\ColladaModelTest.cs:line 77
</StackTrace>
        </ErrorInfo>
      </Output>
    </UnitTestResult>
  </Results>
</TestRun>