<?xml version="1.0" encoding="UTF-8"?>
<TestRun id="bb016f11-6075-4c5d-ab81-7603995b727e" name="Mathias@JUNKTOWN 2011-08-07 20:11:09" runUser="Junktown\Mathias" xmlns="http://microsoft.com/schemas/VisualStudio/TeamTest/2010">
  <TestSettings name="Local" id="a9b277e3-4af9-4f2f-84dc-a3e62857f02a">
    <Description>These are default test settings for a local test run.</Description>
    <Deployment enabled="false" runDeploymentRoot="Mathias_JUNKTOWN 2011-08-07 20_11_09">
      <DeploymentItem filename="D:\Projekte\XNA\ColladaXna\ColladaXnaBase\bin\x86\Debug\ColladaXnaBase.dll" />
    </Deployment>
    <Execution>
      <TestTypeSpecific />
      <AgentRule name="Execution Agents">
      </AgentRule>
    </Execution>
  </TestSettings>
  <Times creation="2011-08-07T20:11:09.1424139+02:00" queuing="2011-08-07T20:11:09.1704155+02:00" start="2011-08-07T20:11:09.1764159+02:00" finish="2011-08-07T20:11:09.4624322+02:00" />
  <ResultSummary outcome="Completed">
    <Counters total="1" executed="1" passed="1" error="0" failed="0" timeout="0" aborted="0" inconclusive="0" passedButRunAborted="0" notRunnable="0" notExecuted="0" disconnected="0" warning="0" completed="0" inProgress="0" pending="0" />
  </ResultSummary>
  <TestDefinitions>
    <UnitTest name="SkinnedMeshImportTest" storage="d:\projekte\xna\colladaxna\base tests\bin\debug\base tests.dll" id="1246d3ed-379f-89af-943c-64c4bc90f50a">
      <Execution id="93788529-90cb-43d4-94d9-61335117e41e" />
      <Properties>
        <Property>
          <Key>Hallo</Key>
          <Value>Welt</Value>
        </Property>
      </Properties>
      <TestMethod codeBase="D:/Projekte/XNA/ColladaXna/Base Tests/bin/Debug/Base Tests.DLL" adapterTypeName="Microsoft.VisualStudio.TestTools.TestTypes.Unit.UnitTestAdapter, Microsoft.VisualStudio.QualityTools.Tips.UnitTest.Adapter, Version=10.0.0.0, Culture=neutral, PublicKeyToken=b03f5f7f11d50a3a" className="Base_Tests.GeometryImporterTest, Base Tests, Version=1.0.0.0, Culture=neutral, PublicKeyToken=null" name="SkinnedMeshImportTest" />
    </UnitTest>
  </TestDefinitions>
  <TestLists>
    <TestList name="Results Not in a List" id="8c84fa94-04c1-424b-9868-57a2d4851a1d" />
    <TestList name="All Loaded Results" id="19431567-8539-422a-85d7-44ee4e166bda" />
  </TestLists>
  <TestEntries>
    <TestEntry testId="1246d3ed-379f-89af-943c-64c4bc90f50a" executionId="93788529-90cb-43d4-94d9-61335117e41e" testListId="8c84fa94-04c1-424b-9868-57a2d4851a1d" />
  </TestEntries>
  <Results>
    <UnitTestResult executionId="93788529-90cb-43d4-94d9-61335117e41e" testId="1246d3ed-379f-89af-943c-64c4bc90f50a" testName="SkinnedMeshImportTest" computerName="JUNKTOWN" duration="00:00:00.0129312" startTime="2011-08-07T20:11:09.1784160+02:00" endTime="2011-08-07T20:11:09.4474314+02:00" testType="13cdc9d9-ddb5-4fa4-a97d-d965ccfc6d4b" outcome="Passed" testListId="8c84fa94-04c1-424b-9868-57a2d4851a1d" relativeResultsDirectory="93788529-90cb-43d4-94d9-61335117e41e">
    </UnitTestResult>
  </Results>
</TestRun>