<?xml version="1.0" encoding="UTF-8"?>
<TestRun id="a3e073aa-5102-4e4a-aaab-91960bde1f8f" name="Mathias@JUNKTOWN 2011-08-07 20:53:40" runUser="Junktown\Mathias" xmlns="http://microsoft.com/schemas/VisualStudio/TeamTest/2010">
  <TestSettings name="Local" id="a9b277e3-4af9-4f2f-84dc-a3e62857f02a">
    <Description>These are default test settings for a local test run.</Description>
    <Deployment enabled="false" runDeploymentRoot="Mathias_JUNKTOWN 2011-08-07 20_53_40">
      <DeploymentItem filename="D:\Projekte\XNA\ColladaXna\ColladaXnaBase\bin\x86\Debug\ColladaXnaBase.dll" />
    </Deployment>
    <Execution>
      <TestTypeSpecific />
      <AgentRule name="Execution Agents">
      </AgentRule>
    </Execution>
  </TestSettings>
  <Times creation="2011-08-07T20:53:40.4333394+02:00" queuing="2011-08-07T20:53:40.4603410+02:00" start="2011-08-07T20:53:40.4703415+02:00" finish="2011-08-07T20:53:41.0573751+02:00" />
  <ResultSummary outcome="Failed">
    <Counters total="9" executed="9" passed="6" error="0" failed="2" timeout="0" aborted="0" inconclusive="1" passedButRunAborted="0" notRunnable="0" notExecuted="0" disconnected="0" warning="0" completed="0" inProgress="0" pending="0" />
  </ResultSummary>
  <TestDefinitions>
    <UnitTest name="ImportTest" storage="d:\projekte\xna\colladaxna\base tests\bin\debug\base tests.dll" id="23a53483-36bd-a504-10a9-1dfe99775125">
      <Execution id="b0633d70-46c6-4b15-b5a0-d57b57e3919a" />
      <TestMethod codeBase="D:/Projekte/XNA/ColladaXna/Base Tests/bin/Debug/Base Tests.DLL" adapterTypeName="Microsoft.VisualStudio.TestTools.TestTypes.Unit.UnitTestAdapter, Microsoft.VisualStudio.QualityTools.Tips.UnitTest.Adapter, Version=10.0.0.0, Culture=neutral, PublicKeyToken=b03f5f7f11d50a3a" className="Base_Tests.AnimationImporterTest, Base Tests, Version=1.0.0.0, Culture=neutral, PublicKeyToken=null" name="ImportTest" />
    </UnitTest>
    <UnitTest name="ImportMeshesTest" storage="d:\projekte\xna\colladaxna\base tests\bin\debug\base tests.dll" id="e107533e-31bd-5142-7a78-d035f5d7a30d">
      <Execution id="7a1a4ce6-aaa9-4790-b120-fa8a1a8ce769" />
      <TestMethod codeBase="D:/Projekte/XNA/ColladaXna/Base Tests/bin/Debug/Base Tests.DLL" adapterTypeName="Microsoft.VisualStudio.TestTools.TestTypes.Unit.UnitTestAdapter, Microsoft.VisualStudio.QualityTools.Tips.UnitTest.Adapter, Version=10.0.0.0, Culture=neutral, PublicKeyToken=b03f5f7f11d50a3a" className="Base_Tests.GeometryImporterTest, Base Tests, Version=1.0.0.0, Culture=neutral, PublicKeyToken=null" name="ImportMeshesTest" />
    </UnitTest>
    <UnitTest name="SkeletonImportTest" storage="d:\projekte\xna\colladaxna\base tests\bin\debug\base tests.dll" id="30ce16d4-84d9-bb19-5ceb-c09e7dec329a">
      <Execution id="8e091c74-4a34-4bf2-b8d8-f21daab0c5cc" />
      <TestMethod codeBase="D:/Projekte/XNA/ColladaXna/Base Tests/bin/Debug/Base Tests.DLL" adapterTypeName="Microsoft.VisualStudio.TestTools.TestTypes.Unit.UnitTestAdapter, Microsoft.VisualStudio.QualityTools.Tips.UnitTest.Adapter, Version=10.0.0.0, Culture=neutral, PublicKeyToken=b03f5f7f11d50a3a" className="Base_Tests.SkeletonImporterTest, Base Tests, Version=1.0.0.0, Culture=neutral, PublicKeyToken=null" name="SkeletonImportTest" />
    </UnitTest>
    <UnitTest name="ImportTest" storage="d:\projekte\xna\colladaxna\base tests\bin\debug\base tests.dll" id="98b96d1f-bfb5-0bdc-aa26-1efb867c4ac0">
      <Execution id="26558db6-97bb-4e9c-b150-f4d6ddc974cb" />
      <TestMethod codeBase="D:/Projekte/XNA/ColladaXna/Base Tests/bin/Debug/Base Tests.DLL" adapterTypeName="Microsoft.VisualStudio.TestTools.TestTypes.Unit.UnitTestAdapter, Microsoft.VisualStudio.QualityTools.Tips.UnitTest.Adapter, Version=10.0.0.0, Culture=neutral, PublicKeyToken=b03f5f7f11d50a3a" className="Base_Tests.MaterialImporterTest, Base Tests, Version=1.0.0.0, Culture=neutral, PublicKeyToken=null" name="ImportTest" />
    </UnitTest>
    <UnitTest name="SceneImportTest" storage="d:\projekte\xna\colladaxna\base tests\bin\debug\base tests.dll" id="f01707f7-3d12-8ce6-a2ef-33e8a2ef7a4d">
      <Execution id="20c84562-3fc7-4159-8bc4-a11022fbe021" />
      <TestMethod codeBase="D:/Projekte/XNA/ColladaXna/Base Tests/bin/Debug/Base Tests.DLL" adapterTypeName="Microsoft.VisualStudio.TestTools.TestTypes.Unit.UnitTestAdapter, Microsoft.VisualStudio.QualityTools.Tips.UnitTest.Adapter, Version=10.0.0.0, Culture=neutral, PublicKeyToken=b03f5f7f11d50a3a" className="Base_Tests.SceneImporterTest, Base Tests, Version=1.0.0.0, Culture=neutral, PublicKeyToken=null" name="SceneImportTest" />
    </UnitTest>
    <UnitTest name="ColladaModelConstructorTest" storage="d:\projekte\xna\colladaxna\base tests\bin\debug\base tests.dll" id="336689d9-1dd2-26e6-4a58-d26fa66d35a5">
      <Execution id="5d3c93ff-96a3-4b8b-92ce-41311d36100e" />
      <TestMethod codeBase="D:/Projekte/XNA/ColladaXna/Base Tests/bin/Debug/Base Tests.DLL" adapterTypeName="Microsoft.VisualStudio.TestTools.TestTypes.Unit.UnitTestAdapter, Microsoft.VisualStudio.QualityTools.Tips.UnitTest.Adapter, Version=10.0.0.0, Culture=neutral, PublicKeyToken=b03f5f7f11d50a3a" className="Base_Tests.ColladaModelTest, Base Tests, Version=1.0.0.0, Culture=neutral, PublicKeyToken=null" name="ColladaModelConstructorTest" />
    </UnitTest>
    <UnitTest name="SkinnedMeshImportTest" storage="d:\projekte\xna\colladaxna\base tests\bin\debug\base tests.dll" id="1246d3ed-379f-89af-943c-64c4bc90f50a">
      <Execution id="ca36357b-f209-4e69-b43b-614c61a0b0f6" />
      <TestMethod codeBase="D:/Projekte/XNA/ColladaXna/Base Tests/bin/Debug/Base Tests.DLL" adapterTypeName="Microsoft.VisualStudio.TestTools.TestTypes.Unit.UnitTestAdapter, Microsoft.VisualStudio.QualityTools.Tips.UnitTest.Adapter, Version=10.0.0.0, Culture=neutral, PublicKeyToken=b03f5f7f11d50a3a" className="Base_Tests.GeometryImporterTest, Base Tests, Version=1.0.0.0, Culture=neutral, PublicKeyToken=null" name="SkinnedMeshImportTest" />
    </UnitTest>
    <UnitTest name="LightImportTest" storage="d:\projekte\xna\colladaxna\base tests\bin\debug\base tests.dll" id="65df9dd9-692f-705d-b1ca-e3a03d21aad9">
      <Execution id="a85245e9-51a2-4a93-b91a-8b232758e62e" />
      <TestMethod codeBase="D:/Projekte/XNA/ColladaXna/Base Tests/bin/Debug/Base Tests.DLL" adapterTypeName="Microsoft.VisualStudio.TestTools.TestTypes.Unit.UnitTestAdapter, Microsoft.VisualStudio.QualityTools.Tips.UnitTest.Adapter, Version=10.0.0.0, Culture=neutral, PublicKeyToken=b03f5f7f11d50a3a" className="Base_Tests.LightImporterTest, Base Tests, Version=1.0.0.0, Culture=neutral, PublicKeyToken=null" name="LightImportTest" />
    </UnitTest>
    <UnitTest name="StaticMeshImportTest" storage="d:\projekte\xna\colladaxna\base tests\bin\debug\base tests.dll" id="f8585df7-3d46-f0ce-adf7-920a375a62f2">
      <Execution id="067fcab2-08db-47f2-b61f-accc99bd7a50" />
      <TestMethod codeBase="D:/Projekte/XNA/ColladaXna/Base Tests/bin/Debug/Base Tests.DLL" adapterTypeName="Microsoft.VisualStudio.TestTools.TestTypes.Unit.UnitTestAdapter, Microsoft.VisualStudio.QualityTools.Tips.UnitTest.Adapter, Version=10.0.0.0, Culture=neutral, PublicKeyToken=b03f5f7f11d50a3a" className="Base_Tests.GeometryImporterTest, Base Tests, Version=1.0.0.0, Culture=neutral, PublicKeyToken=null" name="StaticMeshImportTest" />
    </UnitTest>
  </TestDefinitions>
  <TestLists>
    <TestList name="Results Not in a List" id="8c84fa94-04c1-424b-9868-57a2d4851a1d" />
    <TestList name="All Loaded Results" id="19431567-8539-422a-85d7-44ee4e166bda" />
  </TestLists>
  <TestEntries>
    <TestEntry testId="1246d3ed-379f-89af-943c-64c4bc90f50a" executionId="ca36357b-f209-4e69-b43b-614c61a0b0f6" testListId="8c84fa94-04c1-424b-9868-57a2d4851a1d" />
    <TestEntry testId="23a53483-36bd-a504-10a9-1dfe99775125" executionId="b0633d70-46c6-4b15-b5a0-d57b57e3919a" testListId="8c84fa94-04c1-424b-9868-57a2d4851a1d" />
    <TestEntry testId="30ce16d4-84d9-bb19-5ceb-c09e7dec329a" executionId="8e091c74-4a34-4bf2-b8d8-f21daab0c5cc" testListId="8c84fa94-04c1-424b-9868-57a2d4851a1d" />
    <TestEntry testId="336689d9-1dd2-26e6-4a58-d26fa66d35a5" executionId="5d3c93ff-96a3-4b8b-92ce-41311d36100e" testListId="8c84fa94-04c1-424b-9868-57a2d4851a1d" />
    <TestEntry testId="65df9dd9-692f-705d-b1ca-e3a03d21aad9" executionId="a85245e9-51a2-4a93-b91a-8b232758e62e" testListId="8c84fa94-04c1-424b-9868-57a2d4851a1d" />
    <TestEntry testId="98b96d1f-bfb5-0bdc-aa26-1efb867c4ac0" executionId="26558db6-97bb-4e9c-b150-f4d6ddc974cb" testListId="8c84fa94-04c1-424b-9868-57a2d4851a1d" />
    <TestEntry testId="e107533e-31bd-5142-7a78-d035f5d7a30d" executionId="7a1a4ce6-aaa9-4790-b120-fa8a1a8ce769" testListId="8c84fa94-04c1-424b-9868-57a2d4851a1d" />
    <TestEntry testId="f01707f7-3d12-8ce6-a2ef-33e8a2ef7a4d" executionId="20c84562-3fc7-4159-8bc4-a11022fbe021" testListId="8c84fa94-04c1-424b-9868-57a2d4851a1d" />
    <TestEntry testId="f8585df7-3d46-f0ce-adf7-920a375a62f2" executionId="067fcab2-08db-47f2-b61f-accc99bd7a50" testListId="8c84fa94-04c1-424b-9868-57a2d4851a1d" />
  </TestEntries>
  <Results>
    <UnitTestResult executionId="ca36357b-f209-4e69-b43b-614c61a0b0f6" testId="1246d3ed-379f-89af-943c-64c4bc90f50a" testName="SkinnedMeshImportTest" computerName="JUNKTOWN" duration="00:00:00.0131811" startTime="2011-08-07T20:53:40.4723417+02:00" endTime="2011-08-07T20:53:40.7393569+02:00" testType="13cdc9d9-ddb5-4fa4-a97d-d965ccfc6d4b" outcome="Passed" testListId="8c84fa94-04c1-424b-9868-57a2d4851a1d" relativeResultsDirectory="ca36357b-f209-4e69-b43b-614c61a0b0f6">
    </UnitTestResult>
    <UnitTestResult executionId="b0633d70-46c6-4b15-b5a0-d57b57e3919a" testId="23a53483-36bd-a504-10a9-1dfe99775125" testName="ImportTest" computerName="JUNKTOWN" duration="00:00:00.0167989" startTime="2011-08-07T20:53:40.7403570+02:00" endTime="2011-08-07T20:53:40.7633583+02:00" testType="13cdc9d9-ddb5-4fa4-a97d-d965ccfc6d4b" outcome="Failed" testListId="8c84fa94-04c1-424b-9868-57a2d4851a1d" relativeResultsDirectory="b0633d70-46c6-4b15-b5a0-d57b57e3919a">
      <Output>
        <ErrorInfo>
          <Message>Test method Base_Tests.AnimationImporterTest.ImportTest threw exception: 
System.NullReferenceException: Object reference not set to an instance of an object.</Message>
          <StackTrace>    at ColladaXna.Base.Import.AnimationImporter.Import(XmlNode xmlRoot, ColladaModel model) in D:\Projekte\XNA\ColladaXna\ColladaXnaBase\Import\AnimationImporter.cs:line 28
   at Base_Tests.AnimationImporterTest.ImportTest() in D:\Projekte\XNA\ColladaXna\Base Tests\AnimationImporterTest.cs:line 78
</StackTrace>
        </ErrorInfo>
      </Output>
    </UnitTestResult>
    <UnitTestResult executionId="8e091c74-4a34-4bf2-b8d8-f21daab0c5cc" testId="30ce16d4-84d9-bb19-5ceb-c09e7dec329a" testName="SkeletonImportTest" computerName="JUNKTOWN" duration="00:00:00.0006642" startTime="2011-08-07T20:53:40.7643584+02:00" endTime="2011-08-07T20:53:40.7733589+02:00" testType="13cdc9d9-ddb5-4fa4-a97d-d965ccfc6d4b" outcome="Passed" testListId="8c84fa94-04c1-424b-9868-57a2d4851a1d" relativeResultsDirectory="8e091c74-4a34-4bf2-b8d8-f21daab0c5cc">
    </UnitTestResult>
    <UnitTestResult executionId="5d3c93ff-96a3-4b8b-92ce-41311d36100e" testId="336689d9-1dd2-26e6-4a58-d26fa66d35a5" testName="ColladaModelConstructorTest" computerName="JUNKTOWN" duration="00:00:00.0511496" startTime="2011-08-07T20:53:40.7753590+02:00" endTime="2011-08-07T20:53:40.8313622+02:00" testType="13cdc9d9-ddb5-4fa4-a97d-d965ccfc6d4b" outcome="Passed" testListId="8c84fa94-04c1-424b-9868-57a2d4851a1d" relativeResultsDirectory="5d3c93ff-96a3-4b8b-92ce-41311d36100e">
    </UnitTestResult>
    <UnitTestResult executionId="a85245e9-51a2-4a93-b91a-8b232758e62e" testId="65df9dd9-692f-705d-b1ca-e3a03d21aad9" testName="LightImportTest" computerName="JUNKTOWN" duration="00:00:00.0007274" startTime="2011-08-07T20:53:40.8323623+02:00" endTime="2011-08-07T20:53:40.8423628+02:00" testType="13cdc9d9-ddb5-4fa4-a97d-d965ccfc6d4b" outcome="Passed" testListId="8c84fa94-04c1-424b-9868-57a2d4851a1d" relativeResultsDirectory="a85245e9-51a2-4a93-b91a-8b232758e62e">
    </UnitTestResult>
    <UnitTestResult executionId="26558db6-97bb-4e9c-b150-f4d6ddc974cb" testId="98b96d1f-bfb5-0bdc-aa26-1efb867c4ac0" testName="ImportTest" computerName="JUNKTOWN" duration="00:00:00.0022456" startTime="2011-08-07T20:53:40.8433629+02:00" endTime="2011-08-07T20:53:40.8513633+02:00" testType="13cdc9d9-ddb5-4fa4-a97d-d965ccfc6d4b" outcome="Failed" testListId="8c84fa94-04c1-424b-9868-57a2d4851a1d" relativeResultsDirectory="26558db6-97bb-4e9c-b150-f4d6ddc974cb">
      <Output>
        <ErrorInfo>
          <Message>Test method Base_Tests.MaterialImporterTest.ImportTest threw exception: 
System.NullReferenceException: Object reference not set to an instance of an object.</Message>
          <StackTrace>    at ColladaXna.Base.Import.MaterialImporter.Import(XmlNode xmlRoot, ColladaModel model) in D:\Projekte\XNA\ColladaXna\ColladaXnaBase\Import\MaterialImporter.cs:line 25
   at Base_Tests.MaterialImporterTest.ImportTest() in D:\Projekte\XNA\ColladaXna\Base Tests\MaterialImporterTest.cs:line 78
</StackTrace>
        </ErrorInfo>
      </Output>
    </UnitTestResult>
    <UnitTestResult executionId="7a1a4ce6-aaa9-4790-b120-fa8a1a8ce769" testId="e107533e-31bd-5142-7a78-d035f5d7a30d" testName="ImportMeshesTest" computerName="JUNKTOWN" duration="00:00:00.0008696" startTime="2011-08-07T20:53:40.8533635+02:00" endTime="2011-08-07T20:53:40.8593638+02:00" testType="13cdc9d9-ddb5-4fa4-a97d-d965ccfc6d4b" outcome="Passed" testListId="8c84fa94-04c1-424b-9868-57a2d4851a1d" relativeResultsDirectory="7a1a4ce6-aaa9-4790-b120-fa8a1a8ce769">
    </UnitTestResult>
    <UnitTestResult executionId="20c84562-3fc7-4159-8bc4-a11022fbe021" testId="f01707f7-3d12-8ce6-a2ef-33e8a2ef7a4d" testName="SceneImportTest" computerName="JUNKTOWN" duration="00:00:00.0023993" startTime="2011-08-07T20:53:40.8603639+02:00" endTime="2011-08-07T20:53:40.8823651+02:00" testType="13cdc9d9-ddb5-4fa4-a97d-d965ccfc6d4b" outcome="Inconclusive" testListId="8c84fa94-04c1-424b-9868-57a2d4851a1d" relativeResultsDirectory="20c84562-3fc7-4159-8bc4-a11022fbe021">
      <Output>
        <ErrorInfo>
          <Message>Assert.Inconclusive failed. TODO: Import scene import test</Message>
          <StackTrace>   at Base_Tests.SceneImporterTest.SceneImportTest() in D:\Projekte\XNA\ColladaXna\Base Tests\SceneImporterTest.cs:line 40
</StackTrace>
        </ErrorInfo>
      </Output>
    </UnitTestResult>
    <UnitTestResult executionId="067fcab2-08db-47f2-b61f-accc99bd7a50" testId="f8585df7-3d46-f0ce-adf7-920a375a62f2" testName="StaticMeshImportTest" computerName="JUNKTOWN" duration="00:00:00.0007543" startTime="2011-08-07T20:53:40.8853653+02:00" endTime="2011-08-07T20:53:40.8903656+02:00" testType="13cdc9d9-ddb5-4fa4-a97d-d965ccfc6d4b" outcome="Passed" testListId="8c84fa94-04c1-424b-9868-57a2d4851a1d" relativeResultsDirectory="067fcab2-08db-47f2-b61f-accc99bd7a50">
    </UnitTestResult>
  </Results>
</TestRun>