<?xml version="1.0" encoding="UTF-8"?>
<TestRun id="9d9b2a44-70ac-4e3e-8fec-9113df60a263" name="Mathias@JUNKTOWN 2011-08-07 22:00:51" runUser="Junktown\Mathias" xmlns="http://microsoft.com/schemas/VisualStudio/TeamTest/2010">
  <TestSettings name="Local" id="a9b277e3-4af9-4f2f-84dc-a3e62857f02a">
    <Description>These are default test settings for a local test run.</Description>
    <Deployment enabled="false" runDeploymentRoot="Mathias_JUNKTOWN 2011-08-07 22_00_51">
      <DeploymentItem filename="D:\Projekte\XNA\ColladaXna\ColladaXnaBase\bin\x86\Debug\ColladaXnaBase.dll" />
    </Deployment>
    <Execution>
      <TestTypeSpecific />
      <AgentRule name="Execution Agents">
      </AgentRule>
    </Execution>
  </TestSettings>
  <Times creation="2011-08-07T22:00:51.3918971+02:00" queuing="2011-08-07T22:00:51.4198987+02:00" start="2011-08-07T22:00:51.4278991+02:00" finish="2011-08-07T22:00:51.9749304+02:00" />
  <ResultSummary outcome="Failed">
    <Counters total="10" executed="10" passed="7" error="0" failed="2" timeout="0" aborted="0" inconclusive="1" passedButRunAborted="0" notRunnable="0" notExecuted="0" disconnected="0" warning="0" completed="0" inProgress="0" pending="0" />
  </ResultSummary>
  <TestDefinitions>
    <UnitTest name="ImportTest" storage="d:\projekte\xna\colladaxna\base tests\bin\debug\base tests.dll" id="23a53483-36bd-a504-10a9-1dfe99775125">
      <Execution id="28df0cdc-3ef2-4aeb-94c2-89aceb310ff0" />
      <TestMethod codeBase="D:/Projekte/XNA/ColladaXna/Base Tests/bin/Debug/Base Tests.DLL" adapterTypeName="Microsoft.VisualStudio.TestTools.TestTypes.Unit.UnitTestAdapter, Microsoft.VisualStudio.QualityTools.Tips.UnitTest.Adapter, Version=10.0.0.0, Culture=neutral, PublicKeyToken=b03f5f7f11d50a3a" className="Base_Tests.AnimationImporterTest, Base Tests, Version=1.0.0.0, Culture=neutral, PublicKeyToken=null" name="ImportTest" />
    </UnitTest>
    <UnitTest name="ImportMeshesTest" storage="d:\projekte\xna\colladaxna\base tests\bin\debug\base tests.dll" id="e107533e-31bd-5142-7a78-d035f5d7a30d">
      <Execution id="1602fe86-e1d2-4b89-90f5-4ad61b24e8fe" />
      <TestMethod codeBase="D:/Projekte/XNA/ColladaXna/Base Tests/bin/Debug/Base Tests.DLL" adapterTypeName="Microsoft.VisualStudio.TestTools.TestTypes.Unit.UnitTestAdapter, Microsoft.VisualStudio.QualityTools.Tips.UnitTest.Adapter, Version=10.0.0.0, Culture=neutral, PublicKeyToken=b03f5f7f11d50a3a" className="Base_Tests.GeometryImporterTest, Base Tests, Version=1.0.0.0, Culture=neutral, PublicKeyToken=null" name="ImportMeshesTest" />
    </UnitTest>
    <UnitTest name="ColorVertexTest" storage="d:\projekte\xna\colladaxna\base tests\bin\debug\base tests.dll" id="d461fbc2-a5cc-a08a-1140-5839b9ad0a65">
      <Execution id="9b99d27f-ff2e-4a8c-8892-bc250bc79ebd" />
      <TestMethod codeBase="D:/Projekte/XNA/ColladaXna/Base Tests/bin/Debug/Base Tests.DLL" adapterTypeName="Microsoft.VisualStudio.TestTools.TestTypes.Unit.UnitTestAdapter, Microsoft.VisualStudio.QualityTools.Tips.UnitTest.Adapter, Version=10.0.0.0, Culture=neutral, PublicKeyToken=b03f5f7f11d50a3a" className="Base_Tests.GeometryImporterTest, Base Tests, Version=1.0.0.0, Culture=neutral, PublicKeyToken=null" name="ColorVertexTest" />
    </UnitTest>
    <UnitTest name="SkeletonImportTest" storage="d:\projekte\xna\colladaxna\base tests\bin\debug\base tests.dll" id="30ce16d4-84d9-bb19-5ceb-c09e7dec329a">
      <Execution id="1f5784aa-69be-473b-af1b-45e26d78ba01" />
      <TestMethod codeBase="D:/Projekte/XNA/ColladaXna/Base Tests/bin/Debug/Base Tests.DLL" adapterTypeName="Microsoft.VisualStudio.TestTools.TestTypes.Unit.UnitTestAdapter, Microsoft.VisualStudio.QualityTools.Tips.UnitTest.Adapter, Version=10.0.0.0, Culture=neutral, PublicKeyToken=b03f5f7f11d50a3a" className="Base_Tests.SkeletonImporterTest, Base Tests, Version=1.0.0.0, Culture=neutral, PublicKeyToken=null" name="SkeletonImportTest" />
    </UnitTest>
    <UnitTest name="ImportTest" storage="d:\projekte\xna\colladaxna\base tests\bin\debug\base tests.dll" id="98b96d1f-bfb5-0bdc-aa26-1efb867c4ac0">
      <Execution id="ba7a8a31-dabb-4a32-9c84-601dddfe98a8" />
      <TestMethod codeBase="D:/Projekte/XNA/ColladaXna/Base Tests/bin/Debug/Base Tests.DLL" adapterTypeName="Microsoft.VisualStudio.TestTools.TestTypes.Unit.UnitTestAdapter, Microsoft.VisualStudio.QualityTools.Tips.UnitTest.Adapter, Version=10.0.0.0, Culture=neutral, PublicKeyToken=b03f5f7f11d50a3a" className="Base_Tests.MaterialImporterTest, Base Tests, Version=1.0.0.0, Culture=neutral, PublicKeyToken=null" name="ImportTest" />
    </UnitTest>
    <UnitTest name="SceneImportTest" storage="d:\projekte\xna\colladaxna\base tests\bin\debug\base tests.dll" id="f01707f7-3d12-8ce6-a2ef-33e8a2ef7a4d">
      <Execution id="8868723a-9579-4b53-8588-1b2ec2697ac1" />
      <TestMethod codeBase="D:/Projekte/XNA/ColladaXna/Base Tests/bin/Debug/Base Tests.DLL" adapterTypeName="Microsoft.VisualStudio.TestTools.TestTypes.Unit.UnitTestAdapter, Microsoft.VisualStudio.QualityTools.Tips.UnitTest.Adapter, Version=10.0.0.0, Culture=neutral, PublicKeyToken=b03f5f7f11d50a3a" className="Base_Tests.SceneImporterTest, Base Tests, Version=1.0.0.0, Culture=neutral, PublicKeyToken=null" name="SceneImportTest" />
    </UnitTest>
    <UnitTest name="ColladaModelConstructorTest" storage="d:\projekte\xna\colladaxna\base tests\bin\debug\base tests.dll" id="336689d9-1dd2-26e6-4a58-d26fa66d35a5">
      <Execution id="e3685a97-ea3c-4d8d-808f-d4eabc966930" />
      <TestMethod codeBase="D:/Projekte/XNA/ColladaXna/Base Tests/bin/Debug/Base Tests.DLL" adapterTypeName="Microsoft.VisualStudio.TestTools.TestTypes.Unit.UnitTestAdapter, Microsoft.VisualStudio.QualityTools.Tips.UnitTest.Adapter, Version=10.0.0.0, Culture=neutral, PublicKeyToken=b03f5f7f11d50a3a" className="Base_Tests.ColladaModelTest, Base Tests, Version=1.0.0.0, Culture=neutral, PublicKeyToken=null" name="ColladaModelConstructorTest" />
    </UnitTest>
    <UnitTest name="SkinnedMeshImportTest" storage="d:\projekte\xna\colladaxna\base tests\bin\debug\base tests.dll" id="1246d3ed-379f-89af-943c-64c4bc90f50a">
      <Execution id="864a4e97-9721-4748-97ca-b3e0b83ab2a7" />
      <TestMethod codeBase="D:/Projekte/XNA/ColladaXna/Base Tests/bin/Debug/Base Tests.DLL" adapterTypeName="Microsoft.VisualStudio.TestTools.TestTypes.Unit.UnitTestAdapter, Microsoft.VisualStudio.QualityTools.Tips.UnitTest.Adapter, Version=10.0.0.0, Culture=neutral, PublicKeyToken=b03f5f7f11d50a3a" className="Base_Tests.GeometryImporterTest, Base Tests, Version=1.0.0.0, Culture=neutral, PublicKeyToken=null" name="SkinnedMeshImportTest" />
    </UnitTest>
    <UnitTest name="LightImportTest" storage="d:\projekte\xna\colladaxna\base tests\bin\debug\base tests.dll" id="65df9dd9-692f-705d-b1ca-e3a03d21aad9">
      <Execution id="bebfa4fb-e492-4728-a4eb-d145a236072f" />
      <TestMethod codeBase="D:/Projekte/XNA/ColladaXna/Base Tests/bin/Debug/Base Tests.DLL" adapterTypeName="Microsoft.VisualStudio.TestTools.TestTypes.Unit.UnitTestAdapter, Microsoft.VisualStudio.QualityTools.Tips.UnitTest.Adapter, Version=10.0.0.0, Culture=neutral, PublicKeyToken=b03f5f7f11d50a3a" className="Base_Tests.LightImporterTest, Base Tests, Version=1.0.0.0, Culture=neutral, PublicKeyToken=null" name="LightImportTest" />
    </UnitTest>
    <UnitTest name="StaticMeshImportTest" storage="d:\projekte\xna\colladaxna\base tests\bin\debug\base tests.dll" id="f8585df7-3d46-f0ce-adf7-920a375a62f2">
      <Execution id="5803b1f0-7626-45ce-b2f7-691b2dc1274c" />
      <TestMethod codeBase="D:/Projekte/XNA/ColladaXna/Base Tests/bin/Debug/Base Tests.DLL" adapterTypeName="Microsoft.VisualStudio.TestTools.TestTypes.Unit.UnitTestAdapter, Microsoft.VisualStudio.QualityTools.Tips.UnitTest.Adapter, Version=10.0.0.0, Culture=neutral, PublicKeyToken=b03f5f7f11d50a3a" className="Base_Tests.GeometryImporterTest, Base Tests, Version=1.0.0.0, Culture=neutral, PublicKeyToken=null" name="StaticMeshImportTest" />
    </UnitTest>
  </TestDefinitions>
  <TestLists>
    <TestList name="Results Not in a List" id="8c84fa94-04c1-424b-9868-57a2d4851a1d" />
    <TestList name="All Loaded Results" id="19431567-8539-422a-85d7-44ee4e166bda" />
  </TestLists>
  <TestEntries>
    <TestEntry testId="1246d3ed-379f-89af-943c-64c4bc90f50a" executionId="864a4e97-9721-4748-97ca-b3e0b83ab2a7" testListId="8c84fa94-04c1-424b-9868-57a2d4851a1d" />
    <TestEntry testId="23a53483-36bd-a504-10a9-1dfe99775125" executionId="28df0cdc-3ef2-4aeb-94c2-89aceb310ff0" testListId="8c84fa94-04c1-424b-9868-57a2d4851a1d" />
    <TestEntry testId="30ce16d4-84d9-bb19-5ceb-c09e7dec329a" executionId="1f5784aa-69be-473b-af1b-45e26d78ba01" testListId="8c84fa94-04c1-424b-9868-57a2d4851a1d" />
    <TestEntry testId="336689d9-1dd2-26e6-4a58-d26fa66d35a5" executionId="e3685a97-ea3c-4d8d-808f-d4eabc966930" testListId="8c84fa94-04c1-424b-9868-57a2d4851a1d" />
    <TestEntry testId="65df9dd9-692f-705d-b1ca-e3a03d21aad9" executionId="bebfa4fb-e492-4728-a4eb-d145a236072f" testListId="8c84fa94-04c1-424b-9868-57a2d4851a1d" />
    <TestEntry testId="98b96d1f-bfb5-0bdc-aa26-1efb867c4ac0" executionId="ba7a8a31-dabb-4a32-9c84-601dddfe98a8" testListId="8c84fa94-04c1-424b-9868-57a2d4851a1d" />
    <TestEntry testId="d461fbc2-a5cc-a08a-1140-5839b9ad0a65" executionId="9b99d27f-ff2e-4a8c-8892-bc250bc79ebd" testListId="8c84fa94-04c1-424b-9868-57a2d4851a1d" />
    <TestEntry testId="e107533e-31bd-5142-7a78-d035f5d7a30d" executionId="1602fe86-e1d2-4b89-90f5-4ad61b24e8fe" testListId="8c84fa94-04c1-424b-9868-57a2d4851a1d" />
    <TestEntry testId="f01707f7-3d12-8ce6-a2ef-33e8a2ef7a4d" executionId="8868723a-9579-4b53-8588-1b2ec2697ac1" testListId="8c84fa94-04c1-424b-9868-57a2d4851a1d" />
    <TestEntry testId="f8585df7-3d46-f0ce-adf7-920a375a62f2" executionId="5803b1f0-7626-45ce-b2f7-691b2dc1274c" testListId="8c84fa94-04c1-424b-9868-57a2d4851a1d" />
  </TestEntries>
  <Results>
    <UnitTestResult executionId="864a4e97-9721-4748-97ca-b3e0b83ab2a7" testId="1246d3ed-379f-89af-943c-64c4bc90f50a" testName="SkinnedMeshImportTest" computerName="JUNKTOWN" duration="00:00:00.0144352" startTime="2011-08-07T22:00:51.4298992+02:00" endTime="2011-08-07T22:00:51.7809193+02:00" testType="13cdc9d9-ddb5-4fa4-a97d-d965ccfc6d4b" outcome="Passed" testListId="8c84fa94-04c1-424b-9868-57a2d4851a1d" relativeResultsDirectory="864a4e97-9721-4748-97ca-b3e0b83ab2a7">
    </UnitTestResult>
    <UnitTestResult executionId="28df0cdc-3ef2-4aeb-94c2-89aceb310ff0" testId="23a53483-36bd-a504-10a9-1dfe99775125" testName="ImportTest" computerName="JUNKTOWN" duration="00:00:00.0172305" startTime="2011-08-07T22:00:51.7829194+02:00" endTime="2011-08-07T22:00:51.8059207+02:00" testType="13cdc9d9-ddb5-4fa4-a97d-d965ccfc6d4b" outcome="Failed" testListId="8c84fa94-04c1-424b-9868-57a2d4851a1d" relativeResultsDirectory="28df0cdc-3ef2-4aeb-94c2-89aceb310ff0">
      <Output>
        <ErrorInfo>
          <Message>Test method Base_Tests.AnimationImporterTest.ImportTest threw exception: 
System.NullReferenceException: Object reference not set to an instance of an object.</Message>
          <StackTrace>    at ColladaXna.Base.Import.AnimationImporter.Import(XmlNode xmlRoot, ColladaModel model) in D:\Projekte\XNA\ColladaXna\ColladaXnaBase\Import\AnimationImporter.cs:line 28
   at Base_Tests.AnimationImporterTest.ImportTest() in D:\Projekte\XNA\ColladaXna\Base Tests\AnimationImporterTest.cs:line 78
</StackTrace>
        </ErrorInfo>
      </Output>
    </UnitTestResult>
    <UnitTestResult executionId="1f5784aa-69be-473b-af1b-45e26d78ba01" testId="30ce16d4-84d9-bb19-5ceb-c09e7dec329a" testName="SkeletonImportTest" computerName="JUNKTOWN" duration="00:00:00.0007412" startTime="2011-08-07T22:00:51.8079209+02:00" endTime="2011-08-07T22:00:51.8169214+02:00" testType="13cdc9d9-ddb5-4fa4-a97d-d965ccfc6d4b" outcome="Passed" testListId="8c84fa94-04c1-424b-9868-57a2d4851a1d" relativeResultsDirectory="1f5784aa-69be-473b-af1b-45e26d78ba01">
    </UnitTestResult>
    <UnitTestResult executionId="e3685a97-ea3c-4d8d-808f-d4eabc966930" testId="336689d9-1dd2-26e6-4a58-d26fa66d35a5" testName="ColladaModelConstructorTest" computerName="JUNKTOWN" duration="00:00:00.0506927" startTime="2011-08-07T22:00:51.8209216+02:00" endTime="2011-08-07T22:00:51.8789249+02:00" testType="13cdc9d9-ddb5-4fa4-a97d-d965ccfc6d4b" outcome="Passed" testListId="8c84fa94-04c1-424b-9868-57a2d4851a1d" relativeResultsDirectory="e3685a97-ea3c-4d8d-808f-d4eabc966930">
    </UnitTestResult>
    <UnitTestResult executionId="bebfa4fb-e492-4728-a4eb-d145a236072f" testId="65df9dd9-692f-705d-b1ca-e3a03d21aad9" testName="LightImportTest" computerName="JUNKTOWN" duration="00:00:00.0006596" startTime="2011-08-07T22:00:51.8809250+02:00" endTime="2011-08-07T22:00:51.8959259+02:00" testType="13cdc9d9-ddb5-4fa4-a97d-d965ccfc6d4b" outcome="Passed" testListId="8c84fa94-04c1-424b-9868-57a2d4851a1d" relativeResultsDirectory="bebfa4fb-e492-4728-a4eb-d145a236072f">
    </UnitTestResult>
    <UnitTestResult executionId="ba7a8a31-dabb-4a32-9c84-601dddfe98a8" testId="98b96d1f-bfb5-0bdc-aa26-1efb867c4ac0" testName="ImportTest" computerName="JUNKTOWN" duration="00:00:00.0019018" startTime="2011-08-07T22:00:51.8969260+02:00" endTime="2011-08-07T22:00:51.9039264+02:00" testType="13cdc9d9-ddb5-4fa4-a97d-d965ccfc6d4b" outcome="Failed" testListId="8c84fa94-04c1-424b-9868-57a2d4851a1d" relativeResultsDirectory="ba7a8a31-dabb-4a32-9c84-601dddfe98a8">
      <Output>
        <ErrorInfo>
          <Message>Test method Base_Tests.MaterialImporterTest.ImportTest threw exception: 
System.NullReferenceException: Object reference not set to an instance of an object.</Message>
          <StackTrace>    at ColladaXna.Base.Import.MaterialImporter.Import(XmlNode xmlRoot, ColladaModel model) in D:\Projekte\XNA\ColladaXna\ColladaXnaBase\Import\MaterialImporter.cs:line 25
   at Base_Tests.MaterialImporterTest.ImportTest() in D:\Projekte\XNA\ColladaXna\Base Tests\MaterialImporterTest.cs:line 78
</StackTrace>
        </ErrorInfo>
      </Output>
    </UnitTestResult>
    <UnitTestResult executionId="9b99d27f-ff2e-4a8c-8892-bc250bc79ebd" testId="d461fbc2-a5cc-a08a-1140-5839b9ad0a65" testName="ColorVertexTest" computerName="JUNKTOWN" duration="00:00:00.0005116" startTime="2011-08-07T22:00:51.9059265+02:00" endTime="2011-08-07T22:00:51.9109268+02:00" testType="13cdc9d9-ddb5-4fa4-a97d-d965ccfc6d4b" outcome="Passed" testListId="8c84fa94-04c1-424b-9868-57a2d4851a1d" relativeResultsDirectory="9b99d27f-ff2e-4a8c-8892-bc250bc79ebd">
    </UnitTestResult>
    <UnitTestResult executionId="1602fe86-e1d2-4b89-90f5-4ad61b24e8fe" testId="e107533e-31bd-5142-7a78-d035f5d7a30d" testName="ImportMeshesTest" computerName="JUNKTOWN" duration="00:00:00.0007098" startTime="2011-08-07T22:00:51.9129269+02:00" endTime="2011-08-07T22:00:51.9179272+02:00" testType="13cdc9d9-ddb5-4fa4-a97d-d965ccfc6d4b" outcome="Passed" testListId="8c84fa94-04c1-424b-9868-57a2d4851a1d" relativeResultsDirectory="1602fe86-e1d2-4b89-90f5-4ad61b24e8fe">
    </UnitTestResult>
    <UnitTestResult executionId="8868723a-9579-4b53-8588-1b2ec2697ac1" testId="f01707f7-3d12-8ce6-a2ef-33e8a2ef7a4d" testName="SceneImportTest" computerName="JUNKTOWN" duration="00:00:00.0033039" startTime="2011-08-07T22:00:51.9229274+02:00" endTime="2011-08-07T22:00:51.9479289+02:00" testType="13cdc9d9-ddb5-4fa4-a97d-d965ccfc6d4b" outcome="Inconclusive" testListId="8c84fa94-04c1-424b-9868-57a2d4851a1d" relativeResultsDirectory="8868723a-9579-4b53-8588-1b2ec2697ac1">
      <Output>
        <ErrorInfo>
          <Message>Assert.Inconclusive failed. TODO: Import scene import test</Message>
          <StackTrace>   at Base_Tests.SceneImporterTest.SceneImportTest() in D:\Projekte\XNA\ColladaXna\Base Tests\SceneImporterTest.cs:line 40
</StackTrace>
        </ErrorInfo>
      </Output>
    </UnitTestResult>
    <UnitTestResult executionId="5803b1f0-7626-45ce-b2f7-691b2dc1274c" testId="f8585df7-3d46-f0ce-adf7-920a375a62f2" testName="StaticMeshImportTest" computerName="JUNKTOWN" duration="00:00:00.0007297" startTime="2011-08-07T22:00:51.9499290+02:00" endTime="2011-08-07T22:00:51.9559293+02:00" testType="13cdc9d9-ddb5-4fa4-a97d-d965ccfc6d4b" outcome="Passed" testListId="8c84fa94-04c1-424b-9868-57a2d4851a1d" relativeResultsDirectory="5803b1f0-7626-45ce-b2f7-691b2dc1274c">
    </UnitTestResult>
  </Results>
</TestRun>