<?xml version="1.0" encoding="UTF-8"?>
<TestRun id="69a64a0b-ef0a-417b-9420-45550db6f431" name="Mathias@JUNKTOWN 2011-08-07 21:56:19" runUser="Junktown\Mathias" xmlns="http://microsoft.com/schemas/VisualStudio/TeamTest/2010">
  <TestSettings name="Local" id="a9b277e3-4af9-4f2f-84dc-a3e62857f02a">
    <Description>These are default test settings for a local test run.</Description>
    <Deployment enabled="false" runDeploymentRoot="Mathias_JUNKTOWN 2011-08-07 21_56_19">
      <DeploymentItem filename="D:\Projekte\XNA\ColladaXna\ColladaXnaBase\bin\x86\Debug\ColladaXnaBase.dll" />
    </Deployment>
    <Execution>
      <TestTypeSpecific />
      <AgentRule name="Execution Agents">
      </AgentRule>
    </Execution>
  </TestSettings>
  <Times creation="2011-08-07T21:56:19.0733213+02:00" queuing="2011-08-07T21:56:19.1013229+02:00" start="2011-08-07T21:56:19.1073233+02:00" finish="2011-08-07T21:56:19.8073633+02:00" />
  <ResultSummary outcome="Completed">
    <Counters total="1" executed="1" passed="1" error="0" failed="0" timeout="0" aborted="0" inconclusive="0" passedButRunAborted="0" notRunnable="0" notExecuted="0" disconnected="0" warning="0" completed="0" inProgress="0" pending="0" />
  </ResultSummary>
  <TestDefinitions>
    <UnitTest name="ColorVertexTest" storage="d:\projekte\xna\colladaxna\base tests\bin\debug\base tests.dll" id="d461fbc2-a5cc-a08a-1140-5839b9ad0a65">
      <Execution id="a17e67e9-a1ac-470f-a9f9-2415f6956c19" />
      <TestMethod codeBase="D:/Projekte/XNA/ColladaXna/Base Tests/bin/Debug/Base Tests.DLL" adapterTypeName="Microsoft.VisualStudio.TestTools.TestTypes.Unit.UnitTestAdapter, Microsoft.VisualStudio.QualityTools.Tips.UnitTest.Adapter, Version=10.0.0.0, Culture=neutral, PublicKeyToken=b03f5f7f11d50a3a" className="Base_Tests.GeometryImporterTest, Base Tests, Version=1.0.0.0, Culture=neutral, PublicKeyToken=null" name="ColorVertexTest" />
    </UnitTest>
  </TestDefinitions>
  <TestLists>
    <TestList name="Results Not in a List" id="8c84fa94-04c1-424b-9868-57a2d4851a1d" />
    <TestList name="All Loaded Results" id="19431567-8539-422a-85d7-44ee4e166bda" />
  </TestLists>
  <TestEntries>
    <TestEntry testId="d461fbc2-a5cc-a08a-1140-5839b9ad0a65" executionId="a17e67e9-a1ac-470f-a9f9-2415f6956c19" testListId="8c84fa94-04c1-424b-9868-57a2d4851a1d" />
  </TestEntries>
  <Results>
    <UnitTestResult executionId="a17e67e9-a1ac-470f-a9f9-2415f6956c19" testId="d461fbc2-a5cc-a08a-1140-5839b9ad0a65" testName="ColorVertexTest" computerName="JUNKTOWN" duration="00:00:00.0134333" startTime="2011-08-07T21:56:19.1093234+02:00" endTime="2011-08-07T21:56:19.4633436+02:00" testType="13cdc9d9-ddb5-4fa4-a97d-d965ccfc6d4b" outcome="Passed" testListId="8c84fa94-04c1-424b-9868-57a2d4851a1d" relativeResultsDirectory="a17e67e9-a1ac-470f-a9f9-2415f6956c19">
    </UnitTestResult>
  </Results>
</TestRun>