<?xml version="1.0" encoding="UTF-8"?>
<TestRun id="37decca6-bbf5-429d-ab0d-4457e07de200" name="Mathias@JUNKTOWN 2011-08-07 00:31:31" runUser="Junktown\Mathias" xmlns="http://microsoft.com/schemas/VisualStudio/TeamTest/2010">
  <TestSettings name="Local" id="a9b277e3-4af9-4f2f-84dc-a3e62857f02a">
    <Description>These are default test settings for a local test run.</Description>
    <Deployment enabled="false" runDeploymentRoot="Mathias_JUNKTOWN 2011-08-07 00_31_31">
      <DeploymentItem filename="D:\Projekte\XNA\ColladaXna\ColladaXnaBase\bin\x86\Debug\ColladaXnaBase.dll" />
    </Deployment>
    <Execution>
      <TestTypeSpecific />
      <AgentRule name="Execution Agents">
      </AgentRule>
    </Execution>
  </TestSettings>
  <Times creation="2011-08-07T00:31:31.1263116+02:00" queuing="2011-08-07T00:31:31.2583191+02:00" start="2011-08-07T00:31:31.2983214+02:00" finish="2011-08-07T00:31:31.7453470+02:00" />
  <ResultSummary outcome="Failed">
    <Counters total="7" executed="7" error="0" failed="7" timeout="0" aborted="0" inconclusive="0" passedButRunAborted="0" notRunnable="0" notExecuted="0" disconnected="0" warning="0" passed="0" completed="0" inProgress="0" pending="0" />
  </ResultSummary>
  <TestDefinitions>
    <UnitTest name="ImportTest" storage="d:\projekte\xna\colladaxna\base tests\bin\debug\base tests.dll" id="23a53483-36bd-a504-10a9-1dfe99775125">
      <Execution id="04c08f63-e7c7-4ff3-954a-bde2ee97cc42" />
      <TestMethod codeBase="D:/Projekte/XNA/ColladaXna/Base Tests/bin/Debug/Base Tests.DLL" adapterTypeName="Microsoft.VisualStudio.TestTools.TestTypes.Unit.UnitTestAdapter, Microsoft.VisualStudio.QualityTools.Tips.UnitTest.Adapter, Version=10.0.0.0, Culture=neutral, PublicKeyToken=b03f5f7f11d50a3a" className="Base_Tests.AnimationImporterTest, Base Tests, Version=1.0.0.0, Culture=neutral, PublicKeyToken=null" name="ImportTest" />
    </UnitTest>
    <UnitTest name="ImportTest" storage="d:\projekte\xna\colladaxna\base tests\bin\debug\base tests.dll" id="f3b4f4eb-3600-fd4b-9d7c-ed50e4e4df00">
      <Execution id="11a2389c-5498-4463-92f8-ca60d5f842e1" />
      <TestMethod codeBase="D:/Projekte/XNA/ColladaXna/Base Tests/bin/Debug/Base Tests.DLL" adapterTypeName="Microsoft.VisualStudio.TestTools.TestTypes.Unit.UnitTestAdapter, Microsoft.VisualStudio.QualityTools.Tips.UnitTest.Adapter, Version=10.0.0.0, Culture=neutral, PublicKeyToken=b03f5f7f11d50a3a" className="Base_Tests.LightImporterTest, Base Tests, Version=1.0.0.0, Culture=neutral, PublicKeyToken=null" name="ImportTest" />
    </UnitTest>
    <UnitTest name="ImportTest" storage="d:\projekte\xna\colladaxna\base tests\bin\debug\base tests.dll" id="3e0bf6bb-da13-3a34-d372-7b56014b995c">
      <Execution id="e787c8d4-9689-407d-abe7-3ff12baec148" />
      <TestMethod codeBase="D:/Projekte/XNA/ColladaXna/Base Tests/bin/Debug/Base Tests.DLL" adapterTypeName="Microsoft.VisualStudio.TestTools.TestTypes.Unit.UnitTestAdapter, Microsoft.VisualStudio.QualityTools.Tips.UnitTest.Adapter, Version=10.0.0.0, Culture=neutral, PublicKeyToken=b03f5f7f11d50a3a" className="Base_Tests.SceneImporterTest, Base Tests, Version=1.0.0.0, Culture=neutral, PublicKeyToken=null" name="ImportTest" />
    </UnitTest>
    <UnitTest name="ImportTest" storage="d:\projekte\xna\colladaxna\base tests\bin\debug\base tests.dll" id="c6e1e020-69d8-a3ec-a0bc-9b10dbfe8870">
      <Execution id="5a46ac11-50d3-4569-bf6a-0288f8ccd790" />
      <TestMethod codeBase="D:/Projekte/XNA/ColladaXna/Base Tests/bin/Debug/Base Tests.DLL" adapterTypeName="Microsoft.VisualStudio.TestTools.TestTypes.Unit.UnitTestAdapter, Microsoft.VisualStudio.QualityTools.Tips.UnitTest.Adapter, Version=10.0.0.0, Culture=neutral, PublicKeyToken=b03f5f7f11d50a3a" className="Base_Tests.GeometryImporterTest, Base Tests, Version=1.0.0.0, Culture=neutral, PublicKeyToken=null" name="ImportTest" />
    </UnitTest>
    <UnitTest name="ImportTest" storage="d:\projekte\xna\colladaxna\base tests\bin\debug\base tests.dll" id="98b96d1f-bfb5-0bdc-aa26-1efb867c4ac0">
      <Execution id="5bdd8345-2eeb-46bd-91d0-476a9c0ddf7a" />
      <TestMethod codeBase="D:/Projekte/XNA/ColladaXna/Base Tests/bin/Debug/Base Tests.DLL" adapterTypeName="Microsoft.VisualStudio.TestTools.TestTypes.Unit.UnitTestAdapter, Microsoft.VisualStudio.QualityTools.Tips.UnitTest.Adapter, Version=10.0.0.0, Culture=neutral, PublicKeyToken=b03f5f7f11d50a3a" className="Base_Tests.MaterialImporterTest, Base Tests, Version=1.0.0.0, Culture=neutral, PublicKeyToken=null" name="ImportTest" />
    </UnitTest>
    <UnitTest name="ColladaModelConstructorTest" storage="d:\projekte\xna\colladaxna\base tests\bin\debug\base tests.dll" id="336689d9-1dd2-26e6-4a58-d26fa66d35a5">
      <Execution id="0cb06b0c-f4c4-4012-beb1-f64f8c8468d3" />
      <TestMethod codeBase="D:/Projekte/XNA/ColladaXna/Base Tests/bin/Debug/Base Tests.DLL" adapterTypeName="Microsoft.VisualStudio.TestTools.TestTypes.Unit.UnitTestAdapter, Microsoft.VisualStudio.QualityTools.Tips.UnitTest.Adapter, Version=10.0.0.0, Culture=neutral, PublicKeyToken=b03f5f7f11d50a3a" className="Base_Tests.ColladaModelTest, Base Tests, Version=1.0.0.0, Culture=neutral, PublicKeyToken=null" name="ColladaModelConstructorTest" />
    </UnitTest>
    <UnitTest name="ImportTest" storage="d:\projekte\xna\colladaxna\base tests\bin\debug\base tests.dll" id="b2da7288-8c2c-7b05-8427-882dba316fdc">
      <Execution id="1db76c0a-c381-4341-8775-b55c702abfc1" />
      <TestMethod codeBase="D:/Projekte/XNA/ColladaXna/Base Tests/bin/Debug/Base Tests.DLL" adapterTypeName="Microsoft.VisualStudio.TestTools.TestTypes.Unit.UnitTestAdapter, Microsoft.VisualStudio.QualityTools.Tips.UnitTest.Adapter, Version=10.0.0.0, Culture=neutral, PublicKeyToken=b03f5f7f11d50a3a" className="Base_Tests.SkeletonImporterTest, Base Tests, Version=1.0.0.0, Culture=neutral, PublicKeyToken=null" name="ImportTest" />
    </UnitTest>
  </TestDefinitions>
  <TestLists>
    <TestList name="Results Not in a List" id="8c84fa94-04c1-424b-9868-57a2d4851a1d" />
    <TestList name="All Loaded Results" id="19431567-8539-422a-85d7-44ee4e166bda" />
  </TestLists>
  <TestEntries>
    <TestEntry testId="23a53483-36bd-a504-10a9-1dfe99775125" executionId="04c08f63-e7c7-4ff3-954a-bde2ee97cc42" testListId="8c84fa94-04c1-424b-9868-57a2d4851a1d" />
    <TestEntry testId="336689d9-1dd2-26e6-4a58-d26fa66d35a5" executionId="0cb06b0c-f4c4-4012-beb1-f64f8c8468d3" testListId="8c84fa94-04c1-424b-9868-57a2d4851a1d" />
    <TestEntry testId="3e0bf6bb-da13-3a34-d372-7b56014b995c" executionId="e787c8d4-9689-407d-abe7-3ff12baec148" testListId="8c84fa94-04c1-424b-9868-57a2d4851a1d" />
    <TestEntry testId="98b96d1f-bfb5-0bdc-aa26-1efb867c4ac0" executionId="5bdd8345-2eeb-46bd-91d0-476a9c0ddf7a" testListId="8c84fa94-04c1-424b-9868-57a2d4851a1d" />
    <TestEntry testId="b2da7288-8c2c-7b05-8427-882dba316fdc" executionId="1db76c0a-c381-4341-8775-b55c702abfc1" testListId="8c84fa94-04c1-424b-9868-57a2d4851a1d" />
    <TestEntry testId="c6e1e020-69d8-a3ec-a0bc-9b10dbfe8870" executionId="5a46ac11-50d3-4569-bf6a-0288f8ccd790" testListId="8c84fa94-04c1-424b-9868-57a2d4851a1d" />
    <TestEntry testId="f3b4f4eb-3600-fd4b-9d7c-ed50e4e4df00" executionId="11a2389c-5498-4463-92f8-ca60d5f842e1" testListId="8c84fa94-04c1-424b-9868-57a2d4851a1d" />
  </TestEntries>
  <Results>
    <UnitTestResult executionId="04c08f63-e7c7-4ff3-954a-bde2ee97cc42" testId="23a53483-36bd-a504-10a9-1dfe99775125" testName="ImportTest" computerName="JUNKTOWN" duration="00:00:00.0382697" startTime="2011-08-07T00:31:31.3073219+02:00" endTime="2011-08-07T00:31:31.6403410+02:00" testType="13cdc9d9-ddb5-4fa4-a97d-d965ccfc6d4b" outcome="Failed" testListId="8c84fa94-04c1-424b-9868-57a2d4851a1d" relativeResultsDirectory="04c08f63-e7c7-4ff3-954a-bde2ee97cc42">
      <Output>
        <ErrorInfo>
          <Message>Test method Base_Tests.AnimationImporterTest.ImportTest threw exception: 
System.NullReferenceException: Object reference not set to an instance of an object.</Message>
          <StackTrace>    at ColladaXna.Base.Import.AnimationImporter.Import(XmlNode xmlRoot, ColladaModel model) in D:\Projekte\XNA\ColladaXna\ColladaXnaBase\Import\AnimationImporter.cs:line 28
   at Base_Tests.AnimationImporterTest.ImportTest() in D:\Projekte\XNA\ColladaXna\Base Tests\AnimationImporterTest.cs:line 78
</StackTrace>
        </ErrorInfo>
      </Output>
    </UnitTestResult>
    <UnitTestResult executionId="0cb06b0c-f4c4-4012-beb1-f64f8c8468d3" testId="336689d9-1dd2-26e6-4a58-d26fa66d35a5" testName="ColladaModelConstructorTest" computerName="JUNKTOWN" duration="00:00:00.0036668" startTime="2011-08-07T00:31:31.6413410+02:00" endTime="2011-08-07T00:31:31.6493415+02:00" testType="13cdc9d9-ddb5-4fa4-a97d-d965ccfc6d4b" outcome="Failed" testListId="8c84fa94-04c1-424b-9868-57a2d4851a1d" relativeResultsDirectory="0cb06b0c-f4c4-4012-beb1-f64f8c8468d3">
      <Output>
        <ErrorInfo>
          <Message>Assert.IsTrue failed. </Message>
          <StackTrace>   at Base_Tests.ColladaModelTest.ColladaModelConstructorTest() in D:\Projekte\XNA\ColladaXna\Base Tests\ColladaModelTest.cs:line 75
</StackTrace>
        </ErrorInfo>
      </Output>
    </UnitTestResult>
    <UnitTestResult executionId="e787c8d4-9689-407d-abe7-3ff12baec148" testId="3e0bf6bb-da13-3a34-d372-7b56014b995c" testName="ImportTest" computerName="JUNKTOWN" duration="00:00:00.0107472" startTime="2011-08-07T00:31:31.6503415+02:00" endTime="2011-08-07T00:31:31.6653424+02:00" testType="13cdc9d9-ddb5-4fa4-a97d-d965ccfc6d4b" outcome="Failed" testListId="8c84fa94-04c1-424b-9868-57a2d4851a1d" relativeResultsDirectory="e787c8d4-9689-407d-abe7-3ff12baec148">
      <Output>
        <ErrorInfo>
          <Message>Test method Base_Tests.SceneImporterTest.ImportTest threw exception: 
System.NullReferenceException: Object reference not set to an instance of an object.</Message>
          <StackTrace>    at ColladaXna.Base.Import.SceneImporter.Import(XmlNode xmlRoot, ColladaModel model) in D:\Projekte\XNA\ColladaXna\ColladaXnaBase\Import\SceneImporter.cs:line 17
   at Base_Tests.SceneImporterTest.ImportTest() in D:\Projekte\XNA\ColladaXna\Base Tests\SceneImporterTest.cs:line 78
</StackTrace>
        </ErrorInfo>
      </Output>
    </UnitTestResult>
    <UnitTestResult executionId="5bdd8345-2eeb-46bd-91d0-476a9c0ddf7a" testId="98b96d1f-bfb5-0bdc-aa26-1efb867c4ac0" testName="ImportTest" computerName="JUNKTOWN" duration="00:00:00.0036963" startTime="2011-08-07T00:31:31.6663425+02:00" endTime="2011-08-07T00:31:31.6743429+02:00" testType="13cdc9d9-ddb5-4fa4-a97d-d965ccfc6d4b" outcome="Failed" testListId="8c84fa94-04c1-424b-9868-57a2d4851a1d" relativeResultsDirectory="5bdd8345-2eeb-46bd-91d0-476a9c0ddf7a">
      <Output>
        <ErrorInfo>
          <Message>Test method Base_Tests.MaterialImporterTest.ImportTest threw exception: 
System.NullReferenceException: Object reference not set to an instance of an object.</Message>
          <StackTrace>    at ColladaXna.Base.Import.MaterialImporter.Import(XmlNode xmlRoot, ColladaModel model) in D:\Projekte\XNA\ColladaXna\ColladaXnaBase\Import\MaterialImporter.cs:line 25
   at Base_Tests.MaterialImporterTest.ImportTest() in D:\Projekte\XNA\ColladaXna\Base Tests\MaterialImporterTest.cs:line 78
</StackTrace>
        </ErrorInfo>
      </Output>
    </UnitTestResult>
    <UnitTestResult executionId="1db76c0a-c381-4341-8775-b55c702abfc1" testId="b2da7288-8c2c-7b05-8427-882dba316fdc" testName="ImportTest" computerName="JUNKTOWN" duration="00:00:00.0262856" startTime="2011-08-07T00:31:31.6753430+02:00" endTime="2011-08-07T00:31:31.7063447+02:00" testType="13cdc9d9-ddb5-4fa4-a97d-d965ccfc6d4b" outcome="Failed" testListId="8c84fa94-04c1-424b-9868-57a2d4851a1d" relativeResultsDirectory="1db76c0a-c381-4341-8775-b55c702abfc1">
      <Output>
        <ErrorInfo>
          <Message>Test method Base_Tests.SkeletonImporterTest.ImportTest threw exception: 
System.NullReferenceException: Object reference not set to an instance of an object.</Message>
          <StackTrace>    at ColladaXna.Base.Import.SkeletonImporter.FindJointNodes(XmlNode xmlRoot) in D:\Projekte\XNA\ColladaXna\ColladaXnaBase\Import\SkeletonImporter.cs:line 151
   at ColladaXna.Base.Import.SkeletonImporter.Import(XmlNode xmlRoot, ColladaModel model) in D:\Projekte\XNA\ColladaXna\ColladaXnaBase\Import\SkeletonImporter.cs:line 44
   at Base_Tests.SkeletonImporterTest.ImportTest() in D:\Projekte\XNA\ColladaXna\Base Tests\SkeletonImporterTest.cs:line 78
</StackTrace>
        </ErrorInfo>
      </Output>
    </UnitTestResult>
    <UnitTestResult executionId="5a46ac11-50d3-4569-bf6a-0288f8ccd790" testId="c6e1e020-69d8-a3ec-a0bc-9b10dbfe8870" testName="ImportTest" computerName="JUNKTOWN" duration="00:00:00.0042452" startTime="2011-08-07T00:31:31.7073448+02:00" endTime="2011-08-07T00:31:31.7163453+02:00" testType="13cdc9d9-ddb5-4fa4-a97d-d965ccfc6d4b" outcome="Failed" testListId="8c84fa94-04c1-424b-9868-57a2d4851a1d" relativeResultsDirectory="5a46ac11-50d3-4569-bf6a-0288f8ccd790">
      <Output>
        <ErrorInfo>
          <Message>Test method Base_Tests.GeometryImporterTest.ImportTest threw exception: 
System.NullReferenceException: Object reference not set to an instance of an object.</Message>
          <StackTrace>    at ColladaXna.Base.Import.GeometryImporter.Import(XmlNode xmlRoot, ColladaModel model) in D:\Projekte\XNA\ColladaXna\ColladaXnaBase\Import\GeometryImporter.cs:line 26
   at Base_Tests.GeometryImporterTest.ImportTest() in D:\Projekte\XNA\ColladaXna\Base Tests\GeometryImporterTest.cs:line 78
</StackTrace>
        </ErrorInfo>
      </Output>
    </UnitTestResult>
    <UnitTestResult executionId="11a2389c-5498-4463-92f8-ca60d5f842e1" testId="f3b4f4eb-3600-fd4b-9d7c-ed50e4e4df00" testName="ImportTest" computerName="JUNKTOWN" duration="00:00:00.0029976" startTime="2011-08-07T00:31:31.7173454+02:00" endTime="2011-08-07T00:31:31.7253458+02:00" testType="13cdc9d9-ddb5-4fa4-a97d-d965ccfc6d4b" outcome="Failed" testListId="8c84fa94-04c1-424b-9868-57a2d4851a1d" relativeResultsDirectory="11a2389c-5498-4463-92f8-ca60d5f842e1">
      <Output>
        <ErrorInfo>
          <Message>Test method Base_Tests.LightImporterTest.ImportTest threw exception: 
System.NullReferenceException: Object reference not set to an instance of an object.</Message>
          <StackTrace>    at ColladaXna.Base.Import.LightImporter.Import(XmlNode xmlRoot, ColladaModel model) in D:\Projekte\XNA\ColladaXna\ColladaXnaBase\Import\LightImporter.cs:line 19
   at Base_Tests.LightImporterTest.ImportTest() in D:\Projekte\XNA\ColladaXna\Base Tests\LightImporterTest.cs:line 78
</StackTrace>
        </ErrorInfo>
      </Output>
    </UnitTestResult>
  </Results>
</TestRun>