<?xml version="1.0" encoding="UTF-8"?>
<TestRun id="c2cc355f-9ed5-4b92-a74f-75b11f064288" name="Mathias@JUNKTOWN 2011-08-07 20:40:48" runUser="Junktown\Mathias" xmlns="http://microsoft.com/schemas/VisualStudio/TeamTest/2010">
  <TestSettings name="Local" id="a9b277e3-4af9-4f2f-84dc-a3e62857f02a">
    <Description>These are default test settings for a local test run.</Description>
    <Deployment enabled="false" runDeploymentRoot="Mathias_JUNKTOWN 2011-08-07 20_40_48">
      <DeploymentItem filename="D:\Projekte\XNA\ColladaXna\ColladaXnaBase\bin\x86\Debug\ColladaXnaBase.dll" />
    </Deployment>
    <Execution>
      <TestTypeSpecific />
      <AgentRule name="Execution Agents">
      </AgentRule>
    </Execution>
  </TestSettings>
  <Times creation="2011-08-07T20:40:48.9502131+02:00" queuing="2011-08-07T20:40:50.4883011+02:00" start="2011-08-07T20:40:50.5643054+02:00" finish="2011-08-07T20:41:27.1113958+02:00" />
  <ResultSummary outcome="Error">
    <Counters total="9" executed="7" passed="3" error="0" failed="3" timeout="0" aborted="1" inconclusive="0" passedButRunAborted="0" notRunnable="0" notExecuted="2" disconnected="0" warning="0" completed="0" inProgress="0" pending="0" />
    <RunInfos>
      <RunInfo computerName="JUNKTOWN" outcome="Error" timestamp="2011-08-07T20:41:27.1083956+02:00">
        <Text>Test host process exited unexpectedly.</Text>
      </RunInfo>
    </RunInfos>
  </ResultSummary>
  <TestDefinitions>
    <UnitTest name="ImportTest" storage="d:\projekte\xna\colladaxna\base tests\bin\debug\base tests.dll" id="23a53483-36bd-a504-10a9-1dfe99775125">
      <Execution id="e1aca91d-7a66-4d02-9dd3-8718a9cfb89f" />
      <TestMethod codeBase="D:/Projekte/XNA/ColladaXna/Base Tests/bin/Debug/Base Tests.DLL" adapterTypeName="Microsoft.VisualStudio.TestTools.TestTypes.Unit.UnitTestAdapter, Microsoft.VisualStudio.QualityTools.Tips.UnitTest.Adapter, Version=10.0.0.0, Culture=neutral, PublicKeyToken=b03f5f7f11d50a3a" className="Base_Tests.AnimationImporterTest, Base Tests, Version=1.0.0.0, Culture=neutral, PublicKeyToken=null" name="ImportTest" />
    </UnitTest>
    <UnitTest name="ImportTest" storage="d:\projekte\xna\colladaxna\base tests\bin\debug\base tests.dll" id="f3b4f4eb-3600-fd4b-9d7c-ed50e4e4df00">
      <Execution id="4d434d77-97ab-4346-a452-6b3aea0d06f4" />
      <TestMethod codeBase="D:/Projekte/XNA/ColladaXna/Base Tests/bin/Debug/Base Tests.DLL" adapterTypeName="Microsoft.VisualStudio.TestTools.TestTypes.Unit.UnitTestAdapter, Microsoft.VisualStudio.QualityTools.Tips.UnitTest.Adapter, Version=10.0.0.0, Culture=neutral, PublicKeyToken=b03f5f7f11d50a3a" className="Base_Tests.LightImporterTest, Base Tests, Version=1.0.0.0, Culture=neutral, PublicKeyToken=null" name="ImportTest" />
    </UnitTest>
    <UnitTest name="ImportMeshesTest" storage="d:\projekte\xna\colladaxna\base tests\bin\debug\base tests.dll" id="e107533e-31bd-5142-7a78-d035f5d7a30d">
      <Execution id="20ff6841-f360-4099-a9b4-4310c1bdd475" />
      <TestMethod codeBase="D:/Projekte/XNA/ColladaXna/Base Tests/bin/Debug/Base Tests.DLL" adapterTypeName="Microsoft.VisualStudio.TestTools.TestTypes.Unit.UnitTestAdapter, Microsoft.VisualStudio.QualityTools.Tips.UnitTest.Adapter, Version=10.0.0.0, Culture=neutral, PublicKeyToken=b03f5f7f11d50a3a" className="Base_Tests.GeometryImporterTest, Base Tests, Version=1.0.0.0, Culture=neutral, PublicKeyToken=null" name="ImportMeshesTest" />
    </UnitTest>
    <UnitTest name="ImportTest" storage="d:\projekte\xna\colladaxna\base tests\bin\debug\base tests.dll" id="3e0bf6bb-da13-3a34-d372-7b56014b995c">
      <Execution id="49f797df-a8a8-4fa9-ae68-2095b65d4218" />
      <TestMethod codeBase="D:/Projekte/XNA/ColladaXna/Base Tests/bin/Debug/Base Tests.DLL" adapterTypeName="Microsoft.VisualStudio.TestTools.TestTypes.Unit.UnitTestAdapter, Microsoft.VisualStudio.QualityTools.Tips.UnitTest.Adapter, Version=10.0.0.0, Culture=neutral, PublicKeyToken=b03f5f7f11d50a3a" className="Base_Tests.SceneImporterTest, Base Tests, Version=1.0.0.0, Culture=neutral, PublicKeyToken=null" name="ImportTest" />
    </UnitTest>
    <UnitTest name="SkeletonImportTest" storage="d:\projekte\xna\colladaxna\base tests\bin\debug\base tests.dll" id="30ce16d4-84d9-bb19-5ceb-c09e7dec329a">
      <Execution id="862ccd85-6d0d-45eb-bc14-102bc36a2d1d" />
      <TestMethod codeBase="D:/Projekte/XNA/ColladaXna/Base Tests/bin/Debug/Base Tests.DLL" adapterTypeName="Microsoft.VisualStudio.TestTools.TestTypes.Unit.UnitTestAdapter, Microsoft.VisualStudio.QualityTools.Tips.UnitTest.Adapter, Version=10.0.0.0, Culture=neutral, PublicKeyToken=b03f5f7f11d50a3a" className="Base_Tests.SkeletonImporterTest, Base Tests, Version=1.0.0.0, Culture=neutral, PublicKeyToken=null" name="SkeletonImportTest" />
    </UnitTest>
    <UnitTest name="ImportTest" storage="d:\projekte\xna\colladaxna\base tests\bin\debug\base tests.dll" id="98b96d1f-bfb5-0bdc-aa26-1efb867c4ac0">
      <Execution id="1b66b0ea-7b8f-4ff4-89ef-0b39bfc406cd" />
      <TestMethod codeBase="D:/Projekte/XNA/ColladaXna/Base Tests/bin/Debug/Base Tests.DLL" adapterTypeName="Microsoft.VisualStudio.TestTools.TestTypes.Unit.UnitTestAdapter, Microsoft.VisualStudio.QualityTools.Tips.UnitTest.Adapter, Version=10.0.0.0, Culture=neutral, PublicKeyToken=b03f5f7f11d50a3a" className="Base_Tests.MaterialImporterTest, Base Tests, Version=1.0.0.0, Culture=neutral, PublicKeyToken=null" name="ImportTest" />
    </UnitTest>
    <UnitTest name="ColladaModelConstructorTest" storage="d:\projekte\xna\colladaxna\base tests\bin\debug\base tests.dll" id="336689d9-1dd2-26e6-4a58-d26fa66d35a5">
      <Execution id="6758ff6e-0f8a-4645-b3a9-7ce481dc8708" />
      <TestMethod codeBase="D:/Projekte/XNA/ColladaXna/Base Tests/bin/Debug/Base Tests.DLL" adapterTypeName="Microsoft.VisualStudio.TestTools.TestTypes.Unit.UnitTestAdapter, Microsoft.VisualStudio.QualityTools.Tips.UnitTest.Adapter, Version=10.0.0.0, Culture=neutral, PublicKeyToken=b03f5f7f11d50a3a" className="Base_Tests.ColladaModelTest, Base Tests, Version=1.0.0.0, Culture=neutral, PublicKeyToken=null" name="ColladaModelConstructorTest" />
    </UnitTest>
    <UnitTest name="SkinnedMeshImportTest" storage="d:\projekte\xna\colladaxna\base tests\bin\debug\base tests.dll" id="1246d3ed-379f-89af-943c-64c4bc90f50a">
      <Execution id="b063077e-aa5d-4a69-a1eb-dda3ebf2d3b0" />
      <TestMethod codeBase="D:/Projekte/XNA/ColladaXna/Base Tests/bin/Debug/Base Tests.DLL" adapterTypeName="Microsoft.VisualStudio.TestTools.TestTypes.Unit.UnitTestAdapter, Microsoft.VisualStudio.QualityTools.Tips.UnitTest.Adapter, Version=10.0.0.0, Culture=neutral, PublicKeyToken=b03f5f7f11d50a3a" className="Base_Tests.GeometryImporterTest, Base Tests, Version=1.0.0.0, Culture=neutral, PublicKeyToken=null" name="SkinnedMeshImportTest" />
    </UnitTest>
    <UnitTest name="StaticMeshImportTest" storage="d:\projekte\xna\colladaxna\base tests\bin\debug\base tests.dll" id="f8585df7-3d46-f0ce-adf7-920a375a62f2">
      <Execution id="7b812e08-9661-431e-9d23-e05782b40b21" />
      <TestMethod codeBase="D:/Projekte/XNA/ColladaXna/Base Tests/bin/Debug/Base Tests.DLL" adapterTypeName="Microsoft.VisualStudio.TestTools.TestTypes.Unit.UnitTestAdapter, Microsoft.VisualStudio.QualityTools.Tips.UnitTest.Adapter, Version=10.0.0.0, Culture=neutral, PublicKeyToken=b03f5f7f11d50a3a" className="Base_Tests.GeometryImporterTest, Base Tests, Version=1.0.0.0, Culture=neutral, PublicKeyToken=null" name="StaticMeshImportTest" />
    </UnitTest>
  </TestDefinitions>
  <TestLists>
    <TestList name="Results Not in a List" id="8c84fa94-04c1-424b-9868-57a2d4851a1d" />
    <TestList name="All Loaded Results" id="19431567-8539-422a-85d7-44ee4e166bda" />
  </TestLists>
  <TestEntries>
    <TestEntry testId="1246d3ed-379f-89af-943c-64c4bc90f50a" executionId="b063077e-aa5d-4a69-a1eb-dda3ebf2d3b0" testListId="8c84fa94-04c1-424b-9868-57a2d4851a1d" />
    <TestEntry testId="23a53483-36bd-a504-10a9-1dfe99775125" executionId="e1aca91d-7a66-4d02-9dd3-8718a9cfb89f" testListId="8c84fa94-04c1-424b-9868-57a2d4851a1d" />
    <TestEntry testId="30ce16d4-84d9-bb19-5ceb-c09e7dec329a" executionId="862ccd85-6d0d-45eb-bc14-102bc36a2d1d" testListId="8c84fa94-04c1-424b-9868-57a2d4851a1d" />
    <TestEntry testId="336689d9-1dd2-26e6-4a58-d26fa66d35a5" executionId="6758ff6e-0f8a-4645-b3a9-7ce481dc8708" testListId="8c84fa94-04c1-424b-9868-57a2d4851a1d" />
    <TestEntry testId="3e0bf6bb-da13-3a34-d372-7b56014b995c" executionId="49f797df-a8a8-4fa9-ae68-2095b65d4218" testListId="8c84fa94-04c1-424b-9868-57a2d4851a1d" />
    <TestEntry testId="98b96d1f-bfb5-0bdc-aa26-1efb867c4ac0" executionId="1b66b0ea-7b8f-4ff4-89ef-0b39bfc406cd" testListId="8c84fa94-04c1-424b-9868-57a2d4851a1d" />
    <TestEntry testId="e107533e-31bd-5142-7a78-d035f5d7a30d" executionId="20ff6841-f360-4099-a9b4-4310c1bdd475" testListId="8c84fa94-04c1-424b-9868-57a2d4851a1d" />
    <TestEntry testId="f3b4f4eb-3600-fd4b-9d7c-ed50e4e4df00" executionId="4d434d77-97ab-4346-a452-6b3aea0d06f4" testListId="8c84fa94-04c1-424b-9868-57a2d4851a1d" />
    <TestEntry testId="f8585df7-3d46-f0ce-adf7-920a375a62f2" executionId="7b812e08-9661-431e-9d23-e05782b40b21" testListId="8c84fa94-04c1-424b-9868-57a2d4851a1d" />
  </TestEntries>
  <Results>
    <UnitTestResult executionId="b063077e-aa5d-4a69-a1eb-dda3ebf2d3b0" testId="1246d3ed-379f-89af-943c-64c4bc90f50a" testName="SkinnedMeshImportTest" computerName="JUNKTOWN" duration="00:00:00.0121075" startTime="2011-08-07T20:40:50.6293092+02:00" endTime="2011-08-07T20:40:52.2354010+02:00" testType="13cdc9d9-ddb5-4fa4-a97d-d965ccfc6d4b" outcome="Passed" testListId="8c84fa94-04c1-424b-9868-57a2d4851a1d" relativeResultsDirectory="b063077e-aa5d-4a69-a1eb-dda3ebf2d3b0">
    </UnitTestResult>
    <UnitTestResult executionId="e1aca91d-7a66-4d02-9dd3-8718a9cfb89f" testId="23a53483-36bd-a504-10a9-1dfe99775125" testName="ImportTest" computerName="JUNKTOWN" duration="00:00:13.1287994" startTime="2011-08-07T20:40:52.2424014+02:00" endTime="2011-08-07T20:41:05.3831530+02:00" testType="13cdc9d9-ddb5-4fa4-a97d-d965ccfc6d4b" outcome="Failed" testListId="8c84fa94-04c1-424b-9868-57a2d4851a1d" relativeResultsDirectory="e1aca91d-7a66-4d02-9dd3-8718a9cfb89f">
      <Output>
        <ErrorInfo>
          <Message>Test method Base_Tests.AnimationImporterTest.ImportTest threw exception: 
System.NullReferenceException: Object reference not set to an instance of an object.</Message>
          <StackTrace>    at ColladaXna.Base.Import.AnimationImporter.Import(XmlNode xmlRoot, ColladaModel model) in D:\Projekte\XNA\ColladaXna\ColladaXnaBase\Import\AnimationImporter.cs:line 28
   at Base_Tests.AnimationImporterTest.ImportTest() in D:\Projekte\XNA\ColladaXna\Base Tests\AnimationImporterTest.cs:line 78
</StackTrace>
        </ErrorInfo>
      </Output>
    </UnitTestResult>
    <UnitTestResult executionId="862ccd85-6d0d-45eb-bc14-102bc36a2d1d" testId="30ce16d4-84d9-bb19-5ceb-c09e7dec329a" testName="SkeletonImportTest" computerName="JUNKTOWN" duration="00:00:00.0010183" startTime="2011-08-07T20:41:05.3921535+02:00" endTime="2011-08-07T20:41:05.4091545+02:00" testType="13cdc9d9-ddb5-4fa4-a97d-d965ccfc6d4b" outcome="Passed" testListId="8c84fa94-04c1-424b-9868-57a2d4851a1d" relativeResultsDirectory="862ccd85-6d0d-45eb-bc14-102bc36a2d1d">
    </UnitTestResult>
    <UnitTestResult executionId="6758ff6e-0f8a-4645-b3a9-7ce481dc8708" testId="336689d9-1dd2-26e6-4a58-d26fa66d35a5" testName="ColladaModelConstructorTest" computerName="JUNKTOWN" duration="00:00:00.0629769" startTime="2011-08-07T20:41:05.4161549+02:00" endTime="2011-08-07T20:41:05.4901591+02:00" testType="13cdc9d9-ddb5-4fa4-a97d-d965ccfc6d4b" outcome="Passed" testListId="8c84fa94-04c1-424b-9868-57a2d4851a1d" relativeResultsDirectory="6758ff6e-0f8a-4645-b3a9-7ce481dc8708">
    </UnitTestResult>
    <UnitTestResult executionId="49f797df-a8a8-4fa9-ae68-2095b65d4218" testId="3e0bf6bb-da13-3a34-d372-7b56014b995c" testName="ImportTest" computerName="JUNKTOWN" duration="00:00:03.6615175" startTime="2011-08-07T20:41:05.4961595+02:00" endTime="2011-08-07T20:41:09.1723698+02:00" testType="13cdc9d9-ddb5-4fa4-a97d-d965ccfc6d4b" outcome="Failed" testListId="8c84fa94-04c1-424b-9868-57a2d4851a1d" relativeResultsDirectory="49f797df-a8a8-4fa9-ae68-2095b65d4218">
      <Output>
        <ErrorInfo>
          <Message>Test method Base_Tests.SceneImporterTest.ImportTest threw exception: 
System.NullReferenceException: Object reference not set to an instance of an object.</Message>
          <StackTrace>    at ColladaXna.Base.Import.SceneImporter.Import(XmlNode xmlRoot, ColladaModel model) in D:\Projekte\XNA\ColladaXna\ColladaXnaBase\Import\SceneImporter.cs:line 17
   at Base_Tests.SceneImporterTest.ImportTest() in D:\Projekte\XNA\ColladaXna\Base Tests\SceneImporterTest.cs:line 78
</StackTrace>
        </ErrorInfo>
      </Output>
    </UnitTestResult>
    <UnitTestResult executionId="1b66b0ea-7b8f-4ff4-89ef-0b39bfc406cd" testId="98b96d1f-bfb5-0bdc-aa26-1efb867c4ac0" testName="ImportTest" computerName="JUNKTOWN" duration="00:00:03.0821909" startTime="2011-08-07T20:41:09.1793702+02:00" endTime="2011-08-07T20:41:12.2725471+02:00" testType="13cdc9d9-ddb5-4fa4-a97d-d965ccfc6d4b" outcome="Failed" testListId="8c84fa94-04c1-424b-9868-57a2d4851a1d" relativeResultsDirectory="1b66b0ea-7b8f-4ff4-89ef-0b39bfc406cd">
      <Output>
        <ErrorInfo>
          <Message>Test method Base_Tests.MaterialImporterTest.ImportTest threw exception: 
System.NullReferenceException: Object reference not set to an instance of an object.</Message>
          <StackTrace>    at ColladaXna.Base.Import.MaterialImporter.Import(XmlNode xmlRoot, ColladaModel model) in D:\Projekte\XNA\ColladaXna\ColladaXnaBase\Import\MaterialImporter.cs:line 25
   at Base_Tests.MaterialImporterTest.ImportTest() in D:\Projekte\XNA\ColladaXna\Base Tests\MaterialImporterTest.cs:line 78
</StackTrace>
        </ErrorInfo>
      </Output>
    </UnitTestResult>
    <UnitTestResult executionId="20ff6841-f360-4099-a9b4-4310c1bdd475" testId="e107533e-31bd-5142-7a78-d035f5d7a30d" testName="ImportMeshesTest" computerName="JUNKTOWN" duration="00:00:14.8278482" startTime="2011-08-07T20:41:12.2825476+02:00" endTime="2011-08-07T20:41:27.1103958+02:00" testType="13cdc9d9-ddb5-4fa4-a97d-d965ccfc6d4b" outcome="Aborted" testListId="8c84fa94-04c1-424b-9868-57a2d4851a1d" relativeResultsDirectory="20ff6841-f360-4099-a9b4-4310c1bdd475">
    </UnitTestResult>
    <UnitTestResult executionId="4d434d77-97ab-4346-a452-6b3aea0d06f4" testId="f3b4f4eb-3600-fd4b-9d7c-ed50e4e4df00" testName="ImportTest" computerName="JUNKTOWN" testType="13cdc9d9-ddb5-4fa4-a97d-d965ccfc6d4b" outcome="NotExecuted" testListId="8c84fa94-04c1-424b-9868-57a2d4851a1d" relativeResultsDirectory="4d434d77-97ab-4346-a452-6b3aea0d06f4">
    </UnitTestResult>
    <UnitTestResult executionId="7b812e08-9661-431e-9d23-e05782b40b21" testId="f8585df7-3d46-f0ce-adf7-920a375a62f2" testName="StaticMeshImportTest" computerName="JUNKTOWN" testType="13cdc9d9-ddb5-4fa4-a97d-d965ccfc6d4b" outcome="NotExecuted" testListId="8c84fa94-04c1-424b-9868-57a2d4851a1d" relativeResultsDirectory="7b812e08-9661-431e-9d23-e05782b40b21">
    </UnitTestResult>
  </Results>
</TestRun>