<?xml version="1.0" encoding="UTF-8"?>
<TestRun id="b6241be4-317d-4647-9d78-d94c326c41b4" name="Mathias@JUNKTOWN 2011-08-07 00:28:32" runUser="Junktown\Mathias" xmlns="http://microsoft.com/schemas/VisualStudio/TeamTest/2010">
  <TestSettings name="Local" id="a9b277e3-4af9-4f2f-84dc-a3e62857f02a">
    <Description>These are default test settings for a local test run.</Description>
    <Deployment enabled="false" runDeploymentRoot="Mathias_JUNKTOWN 2011-08-07 00_28_32">
      <DeploymentItem filename="D:\Projekte\XNA\ColladaXna\ColladaXnaBase\bin\x86\Debug\ColladaXnaBase.dll" />
    </Deployment>
    <Execution>
      <TestTypeSpecific />
      <AgentRule name="Execution Agents">
      </AgentRule>
    </Execution>
  </TestSettings>
  <Times creation="2011-08-07T00:28:32.9421200+02:00" queuing="2011-08-07T00:28:34.3261992+02:00" start="2011-08-07T00:28:34.4382056+02:00" finish="2011-08-07T00:28:35.0702417+02:00" />
  <ResultSummary outcome="Failed">
    <Counters total="7" executed="7" error="0" failed="7" timeout="0" aborted="0" inconclusive="0" passedButRunAborted="0" notRunnable="0" notExecuted="0" disconnected="0" warning="0" passed="0" completed="0" inProgress="0" pending="0" />
  </ResultSummary>
  <TestDefinitions>
    <UnitTest name="ImportTest" storage="d:\projekte\xna\colladaxna\base tests\bin\debug\base tests.dll" id="23a53483-36bd-a504-10a9-1dfe99775125">
      <Execution id="87309293-49d7-40be-9646-28d4f65e4db2" />
      <TestMethod codeBase="D:/Projekte/XNA/ColladaXna/Base Tests/bin/Debug/Base Tests.DLL" adapterTypeName="Microsoft.VisualStudio.TestTools.TestTypes.Unit.UnitTestAdapter, Microsoft.VisualStudio.QualityTools.Tips.UnitTest.Adapter, Version=10.0.0.0, Culture=neutral, PublicKeyToken=b03f5f7f11d50a3a" className="Base_Tests.AnimationImporterTest, Base Tests, Version=1.0.0.0, Culture=neutral, PublicKeyToken=null" name="ImportTest" />
    </UnitTest>
    <UnitTest name="ImportTest" storage="d:\projekte\xna\colladaxna\base tests\bin\debug\base tests.dll" id="f3b4f4eb-3600-fd4b-9d7c-ed50e4e4df00">
      <Execution id="46444afe-752c-45d4-8151-64b8ae64468b" />
      <TestMethod codeBase="D:/Projekte/XNA/ColladaXna/Base Tests/bin/Debug/Base Tests.DLL" adapterTypeName="Microsoft.VisualStudio.TestTools.TestTypes.Unit.UnitTestAdapter, Microsoft.VisualStudio.QualityTools.Tips.UnitTest.Adapter, Version=10.0.0.0, Culture=neutral, PublicKeyToken=b03f5f7f11d50a3a" className="Base_Tests.LightImporterTest, Base Tests, Version=1.0.0.0, Culture=neutral, PublicKeyToken=null" name="ImportTest" />
    </UnitTest>
    <UnitTest name="ImportTest" storage="d:\projekte\xna\colladaxna\base tests\bin\debug\base tests.dll" id="3e0bf6bb-da13-3a34-d372-7b56014b995c">
      <Execution id="6a413236-306a-4b62-8c68-4d203a0e2695" />
      <TestMethod codeBase="D:/Projekte/XNA/ColladaXna/Base Tests/bin/Debug/Base Tests.DLL" adapterTypeName="Microsoft.VisualStudio.TestTools.TestTypes.Unit.UnitTestAdapter, Microsoft.VisualStudio.QualityTools.Tips.UnitTest.Adapter, Version=10.0.0.0, Culture=neutral, PublicKeyToken=b03f5f7f11d50a3a" className="Base_Tests.SceneImporterTest, Base Tests, Version=1.0.0.0, Culture=neutral, PublicKeyToken=null" name="ImportTest" />
    </UnitTest>
    <UnitTest name="ImportTest" storage="d:\projekte\xna\colladaxna\base tests\bin\debug\base tests.dll" id="c6e1e020-69d8-a3ec-a0bc-9b10dbfe8870">
      <Execution id="0f7524de-c84d-49ac-b2dd-0173ae04078c" />
      <TestMethod codeBase="D:/Projekte/XNA/ColladaXna/Base Tests/bin/Debug/Base Tests.DLL" adapterTypeName="Microsoft.VisualStudio.TestTools.TestTypes.Unit.UnitTestAdapter, Microsoft.VisualStudio.QualityTools.Tips.UnitTest.Adapter, Version=10.0.0.0, Culture=neutral, PublicKeyToken=b03f5f7f11d50a3a" className="Base_Tests.GeometryImporterTest, Base Tests, Version=1.0.0.0, Culture=neutral, PublicKeyToken=null" name="ImportTest" />
    </UnitTest>
    <UnitTest name="ImportTest" storage="d:\projekte\xna\colladaxna\base tests\bin\debug\base tests.dll" id="98b96d1f-bfb5-0bdc-aa26-1efb867c4ac0">
      <Execution id="c503ae25-b551-41db-9b75-43b01c3a79df" />
      <TestMethod codeBase="D:/Projekte/XNA/ColladaXna/Base Tests/bin/Debug/Base Tests.DLL" adapterTypeName="Microsoft.VisualStudio.TestTools.TestTypes.Unit.UnitTestAdapter, Microsoft.VisualStudio.QualityTools.Tips.UnitTest.Adapter, Version=10.0.0.0, Culture=neutral, PublicKeyToken=b03f5f7f11d50a3a" className="Base_Tests.MaterialImporterTest, Base Tests, Version=1.0.0.0, Culture=neutral, PublicKeyToken=null" name="ImportTest" />
    </UnitTest>
    <UnitTest name="ColladaModelConstructorTest" storage="d:\projekte\xna\colladaxna\base tests\bin\debug\base tests.dll" id="336689d9-1dd2-26e6-4a58-d26fa66d35a5">
      <Execution id="fc56b7b9-a968-40e5-9694-0b760e4c6018" />
      <TestMethod codeBase="D:/Projekte/XNA/ColladaXna/Base Tests/bin/Debug/Base Tests.DLL" adapterTypeName="Microsoft.VisualStudio.TestTools.TestTypes.Unit.UnitTestAdapter, Microsoft.VisualStudio.QualityTools.Tips.UnitTest.Adapter, Version=10.0.0.0, Culture=neutral, PublicKeyToken=b03f5f7f11d50a3a" className="Base_Tests.ColladaModelTest, Base Tests, Version=1.0.0.0, Culture=neutral, PublicKeyToken=null" name="ColladaModelConstructorTest" />
    </UnitTest>
    <UnitTest name="ImportTest" storage="d:\projekte\xna\colladaxna\base tests\bin\debug\base tests.dll" id="b2da7288-8c2c-7b05-8427-882dba316fdc">
      <Execution id="10d1abf0-3fe1-44b3-8e06-1aace648f1bd" />
      <TestMethod codeBase="D:/Projekte/XNA/ColladaXna/Base Tests/bin/Debug/Base Tests.DLL" adapterTypeName="Microsoft.VisualStudio.TestTools.TestTypes.Unit.UnitTestAdapter, Microsoft.VisualStudio.QualityTools.Tips.UnitTest.Adapter, Version=10.0.0.0, Culture=neutral, PublicKeyToken=b03f5f7f11d50a3a" className="Base_Tests.SkeletonImporterTest, Base Tests, Version=1.0.0.0, Culture=neutral, PublicKeyToken=null" name="ImportTest" />
    </UnitTest>
  </TestDefinitions>
  <TestLists>
    <TestList name="Results Not in a List" id="8c84fa94-04c1-424b-9868-57a2d4851a1d" />
    <TestList name="All Loaded Results" id="19431567-8539-422a-85d7-44ee4e166bda" />
  </TestLists>
  <TestEntries>
    <TestEntry testId="23a53483-36bd-a504-10a9-1dfe99775125" executionId="87309293-49d7-40be-9646-28d4f65e4db2" testListId="8c84fa94-04c1-424b-9868-57a2d4851a1d" />
    <TestEntry testId="336689d9-1dd2-26e6-4a58-d26fa66d35a5" executionId="fc56b7b9-a968-40e5-9694-0b760e4c6018" testListId="8c84fa94-04c1-424b-9868-57a2d4851a1d" />
    <TestEntry testId="3e0bf6bb-da13-3a34-d372-7b56014b995c" executionId="6a413236-306a-4b62-8c68-4d203a0e2695" testListId="8c84fa94-04c1-424b-9868-57a2d4851a1d" />
    <TestEntry testId="98b96d1f-bfb5-0bdc-aa26-1efb867c4ac0" executionId="c503ae25-b551-41db-9b75-43b01c3a79df" testListId="8c84fa94-04c1-424b-9868-57a2d4851a1d" />
    <TestEntry testId="b2da7288-8c2c-7b05-8427-882dba316fdc" executionId="10d1abf0-3fe1-44b3-8e06-1aace648f1bd" testListId="8c84fa94-04c1-424b-9868-57a2d4851a1d" />
    <TestEntry testId="c6e1e020-69d8-a3ec-a0bc-9b10dbfe8870" executionId="0f7524de-c84d-49ac-b2dd-0173ae04078c" testListId="8c84fa94-04c1-424b-9868-57a2d4851a1d" />
    <TestEntry testId="f3b4f4eb-3600-fd4b-9d7c-ed50e4e4df00" executionId="46444afe-752c-45d4-8151-64b8ae64468b" testListId="8c84fa94-04c1-424b-9868-57a2d4851a1d" />
  </TestEntries>
  <Results>
    <UnitTestResult executionId="87309293-49d7-40be-9646-28d4f65e4db2" testId="23a53483-36bd-a504-10a9-1dfe99775125" testName="ImportTest" computerName="JUNKTOWN" duration="00:00:00.0905983" startTime="2011-08-07T00:28:34.4472061+02:00" endTime="2011-08-07T00:28:34.9622356+02:00" testType="13cdc9d9-ddb5-4fa4-a97d-d965ccfc6d4b" outcome="Failed" testListId="8c84fa94-04c1-424b-9868-57a2d4851a1d" relativeResultsDirectory="87309293-49d7-40be-9646-28d4f65e4db2">
      <Output>
        <ErrorInfo>
          <Message>Test method Base_Tests.AnimationImporterTest.ImportTest threw exception: 
System.NullReferenceException: Object reference not set to an instance of an object.</Message>
          <StackTrace>    at ColladaXna.Base.Import.AnimationImporter.Import(XmlNode xmlRoot, ColladaModel model) in D:\Projekte\XNA\ColladaXna\ColladaXnaBase\Import\AnimationImporter.cs:line 28
   at Base_Tests.AnimationImporterTest.ImportTest() in D:\Projekte\XNA\ColladaXna\Base Tests\AnimationImporterTest.cs:line 78
</StackTrace>
        </ErrorInfo>
      </Output>
    </UnitTestResult>
    <UnitTestResult executionId="fc56b7b9-a968-40e5-9694-0b760e4c6018" testId="336689d9-1dd2-26e6-4a58-d26fa66d35a5" testName="ColladaModelConstructorTest" computerName="JUNKTOWN" duration="00:00:00.0164095" startTime="2011-08-07T00:28:34.9632356+02:00" endTime="2011-08-07T00:28:34.9842368+02:00" testType="13cdc9d9-ddb5-4fa4-a97d-d965ccfc6d4b" outcome="Failed" testListId="8c84fa94-04c1-424b-9868-57a2d4851a1d" relativeResultsDirectory="fc56b7b9-a968-40e5-9694-0b760e4c6018">
      <Output>
        <ErrorInfo>
          <Message>Test method Base_Tests.ColladaModelTest.ColladaModelConstructorTest threw exception: 
System.ArgumentException: Empty path name is not legal.</Message>
          <StackTrace>    at System.IO.File.ReadAllText(String path)
   at ColladaXna.Base.ColladaModel.Load() in D:\Projekte\XNA\ColladaXna\ColladaXnaBase\ColladaModel.cs:line 93
   at ColladaXna.Base.ColladaModel..ctor(String filename) in D:\Projekte\XNA\ColladaXna\ColladaXnaBase\ColladaModel.cs:line 78
   at Base_Tests.ColladaModelTest.ColladaModelConstructorTest() in D:\Projekte\XNA\ColladaXna\Base Tests\ColladaModelTest.cs:line 74
</StackTrace>
        </ErrorInfo>
      </Output>
    </UnitTestResult>
    <UnitTestResult executionId="6a413236-306a-4b62-8c68-4d203a0e2695" testId="3e0bf6bb-da13-3a34-d372-7b56014b995c" testName="ImportTest" computerName="JUNKTOWN" duration="00:00:00.0021981" startTime="2011-08-07T00:28:34.9852369+02:00" endTime="2011-08-07T00:28:34.9922373+02:00" testType="13cdc9d9-ddb5-4fa4-a97d-d965ccfc6d4b" outcome="Failed" testListId="8c84fa94-04c1-424b-9868-57a2d4851a1d" relativeResultsDirectory="6a413236-306a-4b62-8c68-4d203a0e2695">
      <Output>
        <ErrorInfo>
          <Message>Test method Base_Tests.SceneImporterTest.ImportTest threw exception: 
System.NullReferenceException: Object reference not set to an instance of an object.</Message>
          <StackTrace>    at ColladaXna.Base.Import.SceneImporter.Import(XmlNode xmlRoot, ColladaModel model) in D:\Projekte\XNA\ColladaXna\ColladaXnaBase\Import\SceneImporter.cs:line 17
   at Base_Tests.SceneImporterTest.ImportTest() in D:\Projekte\XNA\ColladaXna\Base Tests\SceneImporterTest.cs:line 78
</StackTrace>
        </ErrorInfo>
      </Output>
    </UnitTestResult>
    <UnitTestResult executionId="c503ae25-b551-41db-9b75-43b01c3a79df" testId="98b96d1f-bfb5-0bdc-aa26-1efb867c4ac0" testName="ImportTest" computerName="JUNKTOWN" duration="00:00:00.0023223" startTime="2011-08-07T00:28:34.9932373+02:00" endTime="2011-08-07T00:28:35.0002377+02:00" testType="13cdc9d9-ddb5-4fa4-a97d-d965ccfc6d4b" outcome="Failed" testListId="8c84fa94-04c1-424b-9868-57a2d4851a1d" relativeResultsDirectory="c503ae25-b551-41db-9b75-43b01c3a79df">
      <Output>
        <ErrorInfo>
          <Message>Test method Base_Tests.MaterialImporterTest.ImportTest threw exception: 
System.NullReferenceException: Object reference not set to an instance of an object.</Message>
          <StackTrace>    at ColladaXna.Base.Import.MaterialImporter.Import(XmlNode xmlRoot, ColladaModel model) in D:\Projekte\XNA\ColladaXna\ColladaXnaBase\Import\MaterialImporter.cs:line 25
   at Base_Tests.MaterialImporterTest.ImportTest() in D:\Projekte\XNA\ColladaXna\Base Tests\MaterialImporterTest.cs:line 78
</StackTrace>
        </ErrorInfo>
      </Output>
    </UnitTestResult>
    <UnitTestResult executionId="10d1abf0-3fe1-44b3-8e06-1aace648f1bd" testId="b2da7288-8c2c-7b05-8427-882dba316fdc" testName="ImportTest" computerName="JUNKTOWN" duration="00:00:00.0253040" startTime="2011-08-07T00:28:35.0012378+02:00" endTime="2011-08-07T00:28:35.0322396+02:00" testType="13cdc9d9-ddb5-4fa4-a97d-d965ccfc6d4b" outcome="Failed" testListId="8c84fa94-04c1-424b-9868-57a2d4851a1d" relativeResultsDirectory="10d1abf0-3fe1-44b3-8e06-1aace648f1bd">
      <Output>
        <ErrorInfo>
          <Message>Test method Base_Tests.SkeletonImporterTest.ImportTest threw exception: 
System.NullReferenceException: Object reference not set to an instance of an object.</Message>
          <StackTrace>    at ColladaXna.Base.Import.SkeletonImporter.FindJointNodes(XmlNode xmlRoot) in D:\Projekte\XNA\ColladaXna\ColladaXnaBase\Import\SkeletonImporter.cs:line 151
   at ColladaXna.Base.Import.SkeletonImporter.Import(XmlNode xmlRoot, ColladaModel model) in D:\Projekte\XNA\ColladaXna\ColladaXnaBase\Import\SkeletonImporter.cs:line 44
   at Base_Tests.SkeletonImporterTest.ImportTest() in D:\Projekte\XNA\ColladaXna\Base Tests\SkeletonImporterTest.cs:line 78
</StackTrace>
        </ErrorInfo>
      </Output>
    </UnitTestResult>
    <UnitTestResult executionId="0f7524de-c84d-49ac-b2dd-0173ae04078c" testId="c6e1e020-69d8-a3ec-a0bc-9b10dbfe8870" testName="ImportTest" computerName="JUNKTOWN" duration="00:00:00.0033437" startTime="2011-08-07T00:28:35.0332396+02:00" endTime="2011-08-07T00:28:35.0412401+02:00" testType="13cdc9d9-ddb5-4fa4-a97d-d965ccfc6d4b" outcome="Failed" testListId="8c84fa94-04c1-424b-9868-57a2d4851a1d" relativeResultsDirectory="0f7524de-c84d-49ac-b2dd-0173ae04078c">
      <Output>
        <ErrorInfo>
          <Message>Test method Base_Tests.GeometryImporterTest.ImportTest threw exception: 
System.NullReferenceException: Object reference not set to an instance of an object.</Message>
          <StackTrace>    at ColladaXna.Base.Import.GeometryImporter.Import(XmlNode xmlRoot, ColladaModel model) in D:\Projekte\XNA\ColladaXna\ColladaXnaBase\Import\GeometryImporter.cs:line 26
   at Base_Tests.GeometryImporterTest.ImportTest() in D:\Projekte\XNA\ColladaXna\Base Tests\GeometryImporterTest.cs:line 78
</StackTrace>
        </ErrorInfo>
      </Output>
    </UnitTestResult>
    <UnitTestResult executionId="46444afe-752c-45d4-8151-64b8ae64468b" testId="f3b4f4eb-3600-fd4b-9d7c-ed50e4e4df00" testName="ImportTest" computerName="JUNKTOWN" duration="00:00:00.0025576" startTime="2011-08-07T00:28:35.0422401+02:00" endTime="2011-08-07T00:28:35.0492405+02:00" testType="13cdc9d9-ddb5-4fa4-a97d-d965ccfc6d4b" outcome="Failed" testListId="8c84fa94-04c1-424b-9868-57a2d4851a1d" relativeResultsDirectory="46444afe-752c-45d4-8151-64b8ae64468b">
      <Output>
        <ErrorInfo>
          <Message>Test method Base_Tests.LightImporterTest.ImportTest threw exception: 
System.NullReferenceException: Object reference not set to an instance of an object.</Message>
          <StackTrace>    at ColladaXna.Base.Import.LightImporter.Import(XmlNode xmlRoot, ColladaModel model) in D:\Projekte\XNA\ColladaXna\ColladaXnaBase\Import\LightImporter.cs:line 19
   at Base_Tests.LightImporterTest.ImportTest() in D:\Projekte\XNA\ColladaXna\Base Tests\LightImporterTest.cs:line 78
</StackTrace>
        </ErrorInfo>
      </Output>
    </UnitTestResult>
  </Results>
</TestRun>