<?xml version="1.0" encoding="UTF-8"?>
<TestRun id="1981d29b-855a-429c-aad3-64baee1df684" name="Mathias@JUNKTOWN 2011-08-07 00:31:04" runUser="Junktown\Mathias" xmlns="http://microsoft.com/schemas/VisualStudio/TeamTest/2010">
  <TestSettings name="Local" id="a9b277e3-4af9-4f2f-84dc-a3e62857f02a">
    <Description>These are default test settings for a local test run.</Description>
    <Deployment enabled="false" runDeploymentRoot="Mathias_JUNKTOWN 2011-08-07 00_31_04">
      <DeploymentItem filename="D:\Projekte\XNA\ColladaXna\ColladaXnaBase\bin\x86\Debug\ColladaXnaBase.dll" />
    </Deployment>
    <Execution>
      <TestTypeSpecific />
      <AgentRule name="Execution Agents">
      </AgentRule>
    </Execution>
  </TestSettings>
  <Times creation="2011-08-07T00:31:04.9788160+02:00" queuing="2011-08-07T00:31:07.0169326+02:00" start="2011-08-07T00:31:07.1379395+02:00" finish="2011-08-07T00:31:26.8420665+02:00" />
  <ResultSummary outcome="Error">
    <Counters total="7" executed="1" error="0" failed="0" timeout="0" aborted="1" inconclusive="0" passedButRunAborted="0" notRunnable="0" notExecuted="6" disconnected="0" warning="0" passed="0" completed="0" inProgress="0" pending="0" />
    <RunInfos>
      <RunInfo computerName="JUNKTOWN" outcome="Error" timestamp="2011-08-07T00:31:26.8400664+02:00">
        <Text>Test host process exited unexpectedly.</Text>
      </RunInfo>
    </RunInfos>
  </ResultSummary>
  <TestDefinitions>
    <UnitTest name="ImportTest" storage="d:\projekte\xna\colladaxna\base tests\bin\debug\base tests.dll" id="23a53483-36bd-a504-10a9-1dfe99775125">
      <Execution id="f4de965c-e148-4de1-8f9e-36f8ea818504" />
      <TestMethod codeBase="D:/Projekte/XNA/ColladaXna/Base Tests/bin/Debug/Base Tests.DLL" adapterTypeName="Microsoft.VisualStudio.TestTools.TestTypes.Unit.UnitTestAdapter, Microsoft.VisualStudio.QualityTools.Tips.UnitTest.Adapter, Version=10.0.0.0, Culture=neutral, PublicKeyToken=b03f5f7f11d50a3a" className="Base_Tests.AnimationImporterTest, Base Tests, Version=1.0.0.0, Culture=neutral, PublicKeyToken=null" name="ImportTest" />
    </UnitTest>
    <UnitTest name="ImportTest" storage="d:\projekte\xna\colladaxna\base tests\bin\debug\base tests.dll" id="f3b4f4eb-3600-fd4b-9d7c-ed50e4e4df00">
      <Execution id="84c736f4-48ad-4956-943f-285053e1c236" />
      <TestMethod codeBase="D:/Projekte/XNA/ColladaXna/Base Tests/bin/Debug/Base Tests.DLL" adapterTypeName="Microsoft.VisualStudio.TestTools.TestTypes.Unit.UnitTestAdapter, Microsoft.VisualStudio.QualityTools.Tips.UnitTest.Adapter, Version=10.0.0.0, Culture=neutral, PublicKeyToken=b03f5f7f11d50a3a" className="Base_Tests.LightImporterTest, Base Tests, Version=1.0.0.0, Culture=neutral, PublicKeyToken=null" name="ImportTest" />
    </UnitTest>
    <UnitTest name="ImportTest" storage="d:\projekte\xna\colladaxna\base tests\bin\debug\base tests.dll" id="3e0bf6bb-da13-3a34-d372-7b56014b995c">
      <Execution id="1696b7e1-af2c-41c5-84a0-63151130937a" />
      <TestMethod codeBase="D:/Projekte/XNA/ColladaXna/Base Tests/bin/Debug/Base Tests.DLL" adapterTypeName="Microsoft.VisualStudio.TestTools.TestTypes.Unit.UnitTestAdapter, Microsoft.VisualStudio.QualityTools.Tips.UnitTest.Adapter, Version=10.0.0.0, Culture=neutral, PublicKeyToken=b03f5f7f11d50a3a" className="Base_Tests.SceneImporterTest, Base Tests, Version=1.0.0.0, Culture=neutral, PublicKeyToken=null" name="ImportTest" />
    </UnitTest>
    <UnitTest name="ImportTest" storage="d:\projekte\xna\colladaxna\base tests\bin\debug\base tests.dll" id="c6e1e020-69d8-a3ec-a0bc-9b10dbfe8870">
      <Execution id="11bf4e2f-69fd-466b-bc2e-a0df93145c6b" />
      <TestMethod codeBase="D:/Projekte/XNA/ColladaXna/Base Tests/bin/Debug/Base Tests.DLL" adapterTypeName="Microsoft.VisualStudio.TestTools.TestTypes.Unit.UnitTestAdapter, Microsoft.VisualStudio.QualityTools.Tips.UnitTest.Adapter, Version=10.0.0.0, Culture=neutral, PublicKeyToken=b03f5f7f11d50a3a" className="Base_Tests.GeometryImporterTest, Base Tests, Version=1.0.0.0, Culture=neutral, PublicKeyToken=null" name="ImportTest" />
    </UnitTest>
    <UnitTest name="ImportTest" storage="d:\projekte\xna\colladaxna\base tests\bin\debug\base tests.dll" id="98b96d1f-bfb5-0bdc-aa26-1efb867c4ac0">
      <Execution id="850a0e8c-01a6-4814-9496-47fa103e9db6" />
      <TestMethod codeBase="D:/Projekte/XNA/ColladaXna/Base Tests/bin/Debug/Base Tests.DLL" adapterTypeName="Microsoft.VisualStudio.TestTools.TestTypes.Unit.UnitTestAdapter, Microsoft.VisualStudio.QualityTools.Tips.UnitTest.Adapter, Version=10.0.0.0, Culture=neutral, PublicKeyToken=b03f5f7f11d50a3a" className="Base_Tests.MaterialImporterTest, Base Tests, Version=1.0.0.0, Culture=neutral, PublicKeyToken=null" name="ImportTest" />
    </UnitTest>
    <UnitTest name="ColladaModelConstructorTest" storage="d:\projekte\xna\colladaxna\base tests\bin\debug\base tests.dll" id="336689d9-1dd2-26e6-4a58-d26fa66d35a5">
      <Execution id="87907c95-8c5c-4eda-aa0e-2c3d7d9d2437" />
      <TestMethod codeBase="D:/Projekte/XNA/ColladaXna/Base Tests/bin/Debug/Base Tests.DLL" adapterTypeName="Microsoft.VisualStudio.TestTools.TestTypes.Unit.UnitTestAdapter, Microsoft.VisualStudio.QualityTools.Tips.UnitTest.Adapter, Version=10.0.0.0, Culture=neutral, PublicKeyToken=b03f5f7f11d50a3a" className="Base_Tests.ColladaModelTest, Base Tests, Version=1.0.0.0, Culture=neutral, PublicKeyToken=null" name="ColladaModelConstructorTest" />
    </UnitTest>
    <UnitTest name="ImportTest" storage="d:\projekte\xna\colladaxna\base tests\bin\debug\base tests.dll" id="b2da7288-8c2c-7b05-8427-882dba316fdc">
      <Execution id="7d60bb59-895f-4f91-b024-8b9c62b877dc" />
      <TestMethod codeBase="D:/Projekte/XNA/ColladaXna/Base Tests/bin/Debug/Base Tests.DLL" adapterTypeName="Microsoft.VisualStudio.TestTools.TestTypes.Unit.UnitTestAdapter, Microsoft.VisualStudio.QualityTools.Tips.UnitTest.Adapter, Version=10.0.0.0, Culture=neutral, PublicKeyToken=b03f5f7f11d50a3a" className="Base_Tests.SkeletonImporterTest, Base Tests, Version=1.0.0.0, Culture=neutral, PublicKeyToken=null" name="ImportTest" />
    </UnitTest>
  </TestDefinitions>
  <TestLists>
    <TestList name="Results Not in a List" id="8c84fa94-04c1-424b-9868-57a2d4851a1d" />
    <TestList name="All Loaded Results" id="19431567-8539-422a-85d7-44ee4e166bda" />
  </TestLists>
  <TestEntries>
    <TestEntry testId="23a53483-36bd-a504-10a9-1dfe99775125" executionId="f4de965c-e148-4de1-8f9e-36f8ea818504" testListId="8c84fa94-04c1-424b-9868-57a2d4851a1d" />
    <TestEntry testId="336689d9-1dd2-26e6-4a58-d26fa66d35a5" executionId="87907c95-8c5c-4eda-aa0e-2c3d7d9d2437" testListId="8c84fa94-04c1-424b-9868-57a2d4851a1d" />
    <TestEntry testId="3e0bf6bb-da13-3a34-d372-7b56014b995c" executionId="1696b7e1-af2c-41c5-84a0-63151130937a" testListId="8c84fa94-04c1-424b-9868-57a2d4851a1d" />
    <TestEntry testId="98b96d1f-bfb5-0bdc-aa26-1efb867c4ac0" executionId="850a0e8c-01a6-4814-9496-47fa103e9db6" testListId="8c84fa94-04c1-424b-9868-57a2d4851a1d" />
    <TestEntry testId="b2da7288-8c2c-7b05-8427-882dba316fdc" executionId="7d60bb59-895f-4f91-b024-8b9c62b877dc" testListId="8c84fa94-04c1-424b-9868-57a2d4851a1d" />
    <TestEntry testId="c6e1e020-69d8-a3ec-a0bc-9b10dbfe8870" executionId="11bf4e2f-69fd-466b-bc2e-a0df93145c6b" testListId="8c84fa94-04c1-424b-9868-57a2d4851a1d" />
    <TestEntry testId="f3b4f4eb-3600-fd4b-9d7c-ed50e4e4df00" executionId="84c736f4-48ad-4956-943f-285053e1c236" testListId="8c84fa94-04c1-424b-9868-57a2d4851a1d" />
  </TestEntries>
  <Results>
    <UnitTestResult executionId="f4de965c-e148-4de1-8f9e-36f8ea818504" testId="23a53483-36bd-a504-10a9-1dfe99775125" testName="ImportTest" computerName="JUNKTOWN" duration="00:00:19.5931207" startTime="2011-08-07T00:31:07.2479458+02:00" endTime="2011-08-07T00:31:26.8410665+02:00" testType="13cdc9d9-ddb5-4fa4-a97d-d965ccfc6d4b" outcome="Aborted" testListId="8c84fa94-04c1-424b-9868-57a2d4851a1d" relativeResultsDirectory="f4de965c-e148-4de1-8f9e-36f8ea818504">
    </UnitTestResult>
    <UnitTestResult executionId="87907c95-8c5c-4eda-aa0e-2c3d7d9d2437" testId="336689d9-1dd2-26e6-4a58-d26fa66d35a5" testName="ColladaModelConstructorTest" computerName="JUNKTOWN" testType="13cdc9d9-ddb5-4fa4-a97d-d965ccfc6d4b" outcome="NotExecuted" testListId="8c84fa94-04c1-424b-9868-57a2d4851a1d" relativeResultsDirectory="87907c95-8c5c-4eda-aa0e-2c3d7d9d2437">
    </UnitTestResult>
    <UnitTestResult executionId="1696b7e1-af2c-41c5-84a0-63151130937a" testId="3e0bf6bb-da13-3a34-d372-7b56014b995c" testName="ImportTest" computerName="JUNKTOWN" testType="13cdc9d9-ddb5-4fa4-a97d-d965ccfc6d4b" outcome="NotExecuted" testListId="8c84fa94-04c1-424b-9868-57a2d4851a1d" relativeResultsDirectory="1696b7e1-af2c-41c5-84a0-63151130937a">
    </UnitTestResult>
    <UnitTestResult executionId="850a0e8c-01a6-4814-9496-47fa103e9db6" testId="98b96d1f-bfb5-0bdc-aa26-1efb867c4ac0" testName="ImportTest" computerName="JUNKTOWN" testType="13cdc9d9-ddb5-4fa4-a97d-d965ccfc6d4b" outcome="NotExecuted" testListId="8c84fa94-04c1-424b-9868-57a2d4851a1d" relativeResultsDirectory="850a0e8c-01a6-4814-9496-47fa103e9db6">
    </UnitTestResult>
    <UnitTestResult executionId="7d60bb59-895f-4f91-b024-8b9c62b877dc" testId="b2da7288-8c2c-7b05-8427-882dba316fdc" testName="ImportTest" computerName="JUNKTOWN" testType="13cdc9d9-ddb5-4fa4-a97d-d965ccfc6d4b" outcome="NotExecuted" testListId="8c84fa94-04c1-424b-9868-57a2d4851a1d" relativeResultsDirectory="7d60bb59-895f-4f91-b024-8b9c62b877dc">
    </UnitTestResult>
    <UnitTestResult executionId="11bf4e2f-69fd-466b-bc2e-a0df93145c6b" testId="c6e1e020-69d8-a3ec-a0bc-9b10dbfe8870" testName="ImportTest" computerName="JUNKTOWN" testType="13cdc9d9-ddb5-4fa4-a97d-d965ccfc6d4b" outcome="NotExecuted" testListId="8c84fa94-04c1-424b-9868-57a2d4851a1d" relativeResultsDirectory="11bf4e2f-69fd-466b-bc2e-a0df93145c6b">
    </UnitTestResult>
    <UnitTestResult executionId="84c736f4-48ad-4956-943f-285053e1c236" testId="f3b4f4eb-3600-fd4b-9d7c-ed50e4e4df00" testName="ImportTest" computerName="JUNKTOWN" testType="13cdc9d9-ddb5-4fa4-a97d-d965ccfc6d4b" outcome="NotExecuted" testListId="8c84fa94-04c1-424b-9868-57a2d4851a1d" relativeResultsDirectory="84c736f4-48ad-4956-943f-285053e1c236">
    </UnitTestResult>
  </Results>
</TestRun>