<?xml version="1.0" encoding="UTF-8"?>
<TestRun id="f4a2957b-61d0-4ef5-9db3-007a0054fba9" name="Mathias@JUNKTOWN 2011-08-07 20:44:41" runUser="Junktown\Mathias" xmlns="http://microsoft.com/schemas/VisualStudio/TeamTest/2010">
  <TestSettings name="Local" id="a9b277e3-4af9-4f2f-84dc-a3e62857f02a">
    <Description>These are default test settings for a local test run.</Description>
    <Deployment enabled="false" runDeploymentRoot="Mathias_JUNKTOWN 2011-08-07 20_44_41">
      <DeploymentItem filename="D:\Projekte\XNA\ColladaXna\ColladaXnaBase\bin\x86\Debug\ColladaXnaBase.dll" />
    </Deployment>
    <Execution>
      <TestTypeSpecific />
      <AgentRule name="Execution Agents">
      </AgentRule>
    </Execution>
  </TestSettings>
  <Times creation="2011-08-07T20:44:41.3965083+02:00" queuing="2011-08-07T20:44:41.5465169+02:00" start="2011-08-07T20:44:41.5805188+02:00" finish="2011-08-07T20:44:41.9665409+02:00" />
  <ResultSummary outcome="Failed">
    <Counters total="1" executed="1" error="0" failed="1" timeout="0" aborted="0" inconclusive="0" passedButRunAborted="0" notRunnable="0" notExecuted="0" disconnected="0" warning="0" passed="0" completed="0" inProgress="0" pending="0" />
  </ResultSummary>
  <TestDefinitions>
    <UnitTest name="SkeletonImportTest" storage="d:\projekte\xna\colladaxna\base tests\bin\debug\base tests.dll" id="30ce16d4-84d9-bb19-5ceb-c09e7dec329a">
      <Execution id="e7cda47d-5390-4479-965d-6a4b8704d7b9" />
      <TestMethod codeBase="D:/Projekte/XNA/ColladaXna/Base Tests/bin/Debug/Base Tests.DLL" adapterTypeName="Microsoft.VisualStudio.TestTools.TestTypes.Unit.UnitTestAdapter, Microsoft.VisualStudio.QualityTools.Tips.UnitTest.Adapter, Version=10.0.0.0, Culture=neutral, PublicKeyToken=b03f5f7f11d50a3a" className="Base_Tests.SkeletonImporterTest, Base Tests, Version=1.0.0.0, Culture=neutral, PublicKeyToken=null" name="SkeletonImportTest" />
    </UnitTest>
  </TestDefinitions>
  <TestLists>
    <TestList name="Results Not in a List" id="8c84fa94-04c1-424b-9868-57a2d4851a1d" />
    <TestList name="All Loaded Results" id="19431567-8539-422a-85d7-44ee4e166bda" />
  </TestLists>
  <TestEntries>
    <TestEntry testId="30ce16d4-84d9-bb19-5ceb-c09e7dec329a" executionId="e7cda47d-5390-4479-965d-6a4b8704d7b9" testListId="8c84fa94-04c1-424b-9868-57a2d4851a1d" />
  </TestEntries>
  <Results>
    <UnitTestResult executionId="e7cda47d-5390-4479-965d-6a4b8704d7b9" testId="30ce16d4-84d9-bb19-5ceb-c09e7dec329a" testName="SkeletonImportTest" computerName="JUNKTOWN" startTime="2011-08-07T20:44:41.5885193+02:00" endTime="2011-08-07T20:44:41.9335390+02:00" testType="13cdc9d9-ddb5-4fa4-a97d-d965ccfc6d4b" outcome="Failed" testListId="8c84fa94-04c1-424b-9868-57a2d4851a1d" relativeResultsDirectory="e7cda47d-5390-4479-965d-6a4b8704d7b9">
      <Output>
        <ErrorInfo>
          <Message>Class Initialization method Base_Tests.SkeletonImporterTest.Init threw exception. System.NullReferenceException: System.NullReferenceException: Object reference not set to an instance of an object..</Message>
          <StackTrace>    at ColladaXna.Base.Import.SkeletonImporter.ReadJoints(Joint parent, IEnumerable`1 xmlNodes, ColladaModel model) in D:\Projekte\XNA\ColladaXna\ColladaXnaBase\Import\SkeletonImporter.cs:line 100
   at ColladaXna.Base.Import.SkeletonImporter.Import(XmlNode xmlRoot, ColladaModel model) in D:\Projekte\XNA\ColladaXna\ColladaXnaBase\Import\SkeletonImporter.cs:line 44
   at Base_Tests.SkeletonImporterTest.Init(TestContext context) in D:\Projekte\XNA\ColladaXna\Base Tests\SkeletonImporterTest.cs:line 28
</StackTrace>
        </ErrorInfo>
      </Output>
    </UnitTestResult>
  </Results>
</TestRun>