<?xml version="1.0" encoding="UTF-8"?>
<TestRun id="3bb3fda0-b592-4775-94d9-cf605fa37d88" name="Mathias@JUNKTOWN 2011-08-07 20:53:00" runUser="Junktown\Mathias" xmlns="http://microsoft.com/schemas/VisualStudio/TeamTest/2010">
  <TestSettings name="Local" id="a9b277e3-4af9-4f2f-84dc-a3e62857f02a">
    <Description>These are default test settings for a local test run.</Description>
    <Deployment enabled="false" runDeploymentRoot="Mathias_JUNKTOWN 2011-08-07 20_53_00">
      <DeploymentItem filename="D:\Projekte\XNA\ColladaXna\ColladaXnaBase\bin\x86\Debug\ColladaXnaBase.dll" />
    </Deployment>
    <Execution>
      <TestTypeSpecific />
      <AgentRule name="Execution Agents">
      </AgentRule>
    </Execution>
  </TestSettings>
  <Times creation="2011-08-07T20:53:00.8740768+02:00" queuing="2011-08-07T20:53:00.9070787+02:00" start="2011-08-07T20:53:00.9130790+02:00" finish="2011-08-07T20:53:01.5521155+02:00" />
  <ResultSummary outcome="Inconclusive">
    <Counters total="1" executed="1" error="0" failed="0" timeout="0" aborted="0" inconclusive="1" passedButRunAborted="0" notRunnable="0" notExecuted="0" disconnected="0" warning="0" passed="0" completed="0" inProgress="0" pending="0" />
  </ResultSummary>
  <TestDefinitions>
    <UnitTest name="SceneImportTest" storage="d:\projekte\xna\colladaxna\base tests\bin\debug\base tests.dll" id="f01707f7-3d12-8ce6-a2ef-33e8a2ef7a4d">
      <Execution id="0a36d056-3b48-42db-a305-922aa25e5c18" />
      <TestMethod codeBase="D:/Projekte/XNA/ColladaXna/Base Tests/bin/Debug/Base Tests.DLL" adapterTypeName="Microsoft.VisualStudio.TestTools.TestTypes.Unit.UnitTestAdapter, Microsoft.VisualStudio.QualityTools.Tips.UnitTest.Adapter, Version=10.0.0.0, Culture=neutral, PublicKeyToken=b03f5f7f11d50a3a" className="Base_Tests.SceneImporterTest, Base Tests, Version=1.0.0.0, Culture=neutral, PublicKeyToken=null" name="SceneImportTest" />
    </UnitTest>
  </TestDefinitions>
  <TestLists>
    <TestList name="Results Not in a List" id="8c84fa94-04c1-424b-9868-57a2d4851a1d" />
    <TestList name="All Loaded Results" id="19431567-8539-422a-85d7-44ee4e166bda" />
  </TestLists>
  <TestEntries>
    <TestEntry testId="f01707f7-3d12-8ce6-a2ef-33e8a2ef7a4d" executionId="0a36d056-3b48-42db-a305-922aa25e5c18" testListId="8c84fa94-04c1-424b-9868-57a2d4851a1d" />
  </TestEntries>
  <Results>
    <UnitTestResult executionId="0a36d056-3b48-42db-a305-922aa25e5c18" testId="f01707f7-3d12-8ce6-a2ef-33e8a2ef7a4d" testName="SceneImportTest" computerName="JUNKTOWN" duration="00:00:00.0177694" startTime="2011-08-07T20:53:00.9160792+02:00" endTime="2011-08-07T20:53:01.1720938+02:00" testType="13cdc9d9-ddb5-4fa4-a97d-d965ccfc6d4b" outcome="Inconclusive" testListId="8c84fa94-04c1-424b-9868-57a2d4851a1d" relativeResultsDirectory="0a36d056-3b48-42db-a305-922aa25e5c18">
      <Output>
        <ErrorInfo>
          <Message>Assert.Inconclusive failed. TODO: Import scene import test</Message>
          <StackTrace>   at Base_Tests.SceneImporterTest.SceneImportTest() in D:\Projekte\XNA\ColladaXna\Base Tests\SceneImporterTest.cs:line 40
</StackTrace>
        </ErrorInfo>
      </Output>
    </UnitTestResult>
  </Results>
</TestRun>